Log file open, 03/18/21 08:57:51
LogInit: Display: Running engine for game: KilncroftLane
LogPlatformFile: Not using cached read wrapper
LogTaskGraph: Started task graph with 5 named threads and 20 total threads with 3 sets of task threads.
LogStats: Stats thread started at 0.161810
LogD3D11RHI: Loaded GFSDK_Aftermath_Lib.x64.dll
LogICUInternationalization: ICU TimeZone Detection - Raw Offset: +0:00, Platform Override: ''
LogPluginManager: Mounting plugin Paper2D
LogPluginManager: Mounting plugin AISupport
LogPluginManager: Mounting plugin LightPropagationVolume
LogPluginManager: Mounting plugin CameraShakePreviewer
LogPluginManager: Mounting plugin ActorLayerUtilities
LogPluginManager: Mounting plugin AnimationSharing
LogPluginManager: Mounting plugin CLionSourceCodeAccess
LogPluginManager: Mounting plugin CodeLiteSourceCodeAccess
LogPluginManager: Mounting plugin GitSourceControl
LogPluginManager: Mounting plugin KDevelopSourceCodeAccess
LogPluginManager: Mounting plugin NullSourceCodeAccess
LogPluginManager: Mounting plugin PerforceSourceControl
LogPluginManager: Mounting plugin PlasticSourceControl
LogPluginManager: Mounting plugin RiderSourceCodeAccess
LogPluginManager: Mounting plugin SubversionSourceControl
LogPluginManager: Mounting plugin UObjectPlugin
LogPluginManager: Mounting plugin VisualStudioCodeSourceCodeAccess
LogPluginManager: Mounting plugin VisualStudioSourceCodeAccess
LogPluginManager: Mounting plugin XCodeSourceCodeAccess
LogPluginManager: Mounting plugin AssetManagerEditor
LogPluginManager: Mounting plugin CryptoKeys
LogPluginManager: Mounting plugin CurveEditorTools
LogPluginManager: Mounting plugin DataValidation
LogPluginManager: Mounting plugin EditorScriptingUtilities
LogPluginManager: Mounting plugin FacialAnimation
LogPluginManager: Mounting plugin GameplayTagsEditor
LogPluginManager: Mounting plugin GeometryMode
LogPluginManager: Mounting plugin MacGraphicsSwitching
LogPluginManager: Mounting plugin MaterialAnalyzer
LogPluginManager: Mounting plugin MobileLauncherProfileWizard
LogPluginManager: Mounting plugin PluginBrowser
LogPluginManager: Mounting plugin SpeedTreeImporter
LogPluginManager: Mounting plugin DatasmithContent
LogPluginManager: Mounting plugin VariantManagerContent
LogPluginManager: Mounting plugin AlembicImporter
LogPluginManager: Mounting plugin AutomationUtils
LogPluginManager: Mounting plugin BackChannel
LogPluginManager: Mounting plugin ChaosCloth
LogPluginManager: Mounting plugin ChaosClothEditor
LogPluginManager: Mounting plugin ChaosEditor
LogPluginManager: Mounting plugin ChaosNiagara
LogPluginManager: Mounting plugin ChaosSolverPlugin
LogPluginManager: Mounting plugin CharacterAI
LogPluginManager: Mounting plugin GeometryCache
LogPluginManager: Mounting plugin GeometryCollectionPlugin
LogPluginManager: Mounting plugin GeometryProcessing
LogPluginManager: Mounting plugin PlanarCut
LogPluginManager: Mounting plugin PlatformCrypto
LogPluginManager: Mounting plugin ProxyLODPlugin
LogPluginManager: Mounting plugin SkeletalReduction
LogPluginManager: Mounting plugin Niagara
LogPluginManager: Mounting plugin MagicLeap
LogPluginManager: Mounting plugin MagicLeapLightEstimation
LogPluginManager: Mounting plugin MagicLeapMedia
LogPluginManager: Mounting plugin MagicLeapPassableWorld
LogPluginManager: Mounting plugin MLSDK
LogPluginManager: Mounting plugin AndroidMedia
LogPluginManager: Mounting plugin AvfMedia
LogPluginManager: Mounting plugin ImgMedia
LogPluginManager: Mounting plugin MediaCompositing
LogPluginManager: Mounting plugin MediaPlayerEditor
LogPluginManager: Mounting plugin WebMMedia
LogPluginManager: Mounting plugin WmfMedia
LogPluginManager: Mounting plugin MeshPainting
LogPluginManager: Mounting plugin TcpMessaging
LogPluginManager: Mounting plugin UdpMessaging
LogPluginManager: Mounting plugin ActorSequence
LogPluginManager: Mounting plugin LevelSequenceEditor
LogPluginManager: Mounting plugin MatineeToLevelSequence
LogPluginManager: Mounting plugin MovieRenderPipeline
LogPluginManager: Mounting plugin TemplateSequence
LogPluginManager: Mounting plugin NetcodeUnitTest
LogPluginManager: Mounting plugin NUTUnrealEngine4
LogPluginManager: Mounting plugin OnlineSubsystemGooglePlay
LogPluginManager: Mounting plugin OnlineSubsystemIOS
LogPluginManager: Mounting plugin OnlineSubsystem
LogPluginManager: Mounting plugin OnlineSubsystemNull
LogPluginManager: Mounting plugin OnlineSubsystemUtils
LogPluginManager: Mounting plugin LauncherChunkInstaller
LogPluginManager: Mounting plugin AndroidDeviceProfileSelector
LogPluginManager: Mounting plugin AndroidMoviePlayer
LogPluginManager: Mounting plugin AndroidPermission
LogPluginManager: Mounting plugin AppleImageUtils
LogPluginManager: Mounting plugin AppleMoviePlayer
LogPluginManager: Mounting plugin ArchVisCharacter
LogPluginManager: Mounting plugin AssetTags
LogPluginManager: Mounting plugin AudioCapture
LogPluginManager: Mounting plugin CableComponent
LogPluginManager: Mounting plugin CustomMeshComponent
LogPluginManager: Mounting plugin EditableMesh
LogPluginManager: Mounting plugin ExampleDeviceProfileSelector
LogPluginManager: Mounting plugin GoogleCloudMessaging
LogPluginManager: Mounting plugin GooglePAD
LogPluginManager: Mounting plugin IOSDeviceProfileSelector
LogPluginManager: Mounting plugin LinuxDeviceProfileSelector
LogPluginManager: Mounting plugin LocationServicesBPLibrary
LogPluginManager: Mounting plugin MobilePatchingUtils
LogPluginManager: Mounting plugin OculusVR
LogPluginManager: Mounting plugin PhysXVehicles
LogPluginManager: Mounting plugin PostSplashScreen
LogPluginManager: Mounting plugin ProceduralMeshComponent
LogPluginManager: Mounting plugin RuntimePhysXCooking
LogPluginManager: Mounting plugin SignificanceManager
LogPluginManager: Mounting plugin SoundFields
LogPluginManager: Mounting plugin SteamVR
LogPluginManager: Mounting plugin Synthesis
LogPluginManager: Mounting plugin WebMMoviePlayer
LogPluginManager: Mounting plugin WindowsMoviePlayer
LogPluginManager: Mounting plugin ScreenshotTools
LogInit: Using libcurl 7.55.1-DEV
LogInit:  - built for x86_64-pc-win32
LogInit:  - supports SSL with OpenSSL/1.1.1
LogInit:  - supports HTTP deflate (compression) using libz 1.2.8
LogInit:  - other features:
LogInit:      CURL_VERSION_SSL
LogInit:      CURL_VERSION_LIBZ
LogInit:      CURL_VERSION_IPV6
LogInit:      CURL_VERSION_ASYNCHDNS
LogInit:      CURL_VERSION_LARGEFILE
LogInit:      CURL_VERSION_IDN
LogInit:  CurlRequestOptions (configurable via config and command line):
LogInit:  - bVerifyPeer = true  - Libcurl will verify peer certificate
LogInit:  - bUseHttpProxy = false  - Libcurl will NOT use HTTP proxy
LogInit:  - bDontReuseConnections = false  - Libcurl will reuse connections
LogInit:  - MaxHostConnections = 16  - Libcurl will limit the number of connections to a host
LogInit:  - LocalHostAddr = Default
LogInit:  - BufferSize = 65536
LogOnline: OSS: Creating online subsystem instance for: NULL
LogInit: WinSock: version 1.1 (2.2), MaxSocks=32767, MaxUdp=65467
LogOnline: OSS: TryLoadSubsystemAndSetDefault: Loaded subsystem for module [NULL]
LogInit: Build: ++UE4+Release-4.25-CL-14469661
LogInit: Engine Version: 4.25.4-14469661+++UE4+Release-4.25
LogInit: Compatible Engine Version: 4.25.0-13144385+++UE4+Release-4.25
LogInit: Net CL: 13144385
LogInit: OS: Windows 10 (Release 2009) (), CPU: Intel(R) Core(TM) i5-9600K CPU @ 3.70GHz, GPU: NVIDIA GeForce RTX 2060
LogInit: Compiled (64-bit): Oct 11 2020 08:10:49
LogInit: Compiled with Visual C++: 19.24.28315.00
LogInit: Build Configuration: Development
LogInit: Branch Name: ++UE4+Release-4.25
LogInit: Command Line: 
LogInit: Base Directory: D:/UE_4.25/Engine/Binaries/Win64/
LogInit: Allocator: TBB
LogInit: Installed Engine Build: 1
LogDevObjectVersion: Number of dev versions registered: 26
LogDevObjectVersion:   Dev-Blueprints (B0D832E4-1F89-4F0D-ACCF-7EB736FD4AA2): 10
LogDevObjectVersion:   Dev-Build (E1C64328-A22C-4D53-A36C-8E866417BD8C): 0
LogDevObjectVersion:   Dev-Core (375EC13C-06E4-48FB-B500-84F0262A717E): 4
LogDevObjectVersion:   Dev-Editor (E4B068ED-F494-42E9-A231-DA0B2E46BB41): 38
LogDevObjectVersion:   Dev-Framework (CFFC743F-43B0-4480-9391-14DF171D2073): 37
LogDevObjectVersion:   Dev-Mobile (B02B49B5-BB20-44E9-A304-32B752E40360): 2
LogDevObjectVersion:   Dev-Networking (A4E4105C-59A1-49B5-A7C5-40C4547EDFEE): 0
LogDevObjectVersion:   Dev-Online (39C831C9-5AE6-47DC-9A44-9C173E1C8E7C): 0
LogDevObjectVersion:   Dev-Physics (78F01B33-EBEA-4F98-B9B4-84EACCB95AA2): 4
LogDevObjectVersion:   Dev-Platform (6631380F-2D4D-43E0-8009-CF276956A95A): 0
LogDevObjectVersion:   Dev-Rendering (12F88B9F-8875-4AFC-A67C-D90C383ABD29): 43
LogDevObjectVersion:   Dev-Sequencer (7B5AE74C-D270-4C10-A958-57980B212A5A): 12
LogDevObjectVersion:   Dev-VR (D7296918-1DD6-4BDD-9DE2-64A83CC13884): 3
LogDevObjectVersion:   Dev-LoadTimes (C2A15278-BFE7-4AFE-6C17-90FF531DF755): 1
LogDevObjectVersion:   Private-Geometry (6EACA3D4-40EC-4CC1-B786-8BED09428FC5): 3
LogDevObjectVersion:   Dev-AnimPhys (29E575DD-E0A3-4627-9D10-D276232CDCEA): 17
LogDevObjectVersion:   Dev-Anim (AF43A65D-7FD3-4947-9873-3E8ED9C1BB05): 7
LogDevObjectVersion:   Dev-ReflectionCapture (6B266CEC-1EC7-4B8F-A30B-E4D90942FC07): 1
LogDevObjectVersion:   Dev-Automation (0DF73D61-A23F-47EA-B727-89E90C41499A): 1
LogDevObjectVersion:   FortniteMain (601D1886-AC64-4F84-AA16-D3DE0DEAC7D6): 31
LogDevObjectVersion:   Dev-Enterprise (9DFFBCD6-494F-0158-E221-12823C92A888): 10
LogDevObjectVersion:   Dev-Niagara (F2AED0AC-9AFE-416F-8664-AA7FFA26D6FC): 1
LogDevObjectVersion:   Dev-Destruction (174F1F0B-B4C6-45A5-B13F-2EE8D0FB917D): 10
LogDevObjectVersion:   Dev-Physics-Ext (35F94A83-E258-406C-A318-09F59610247C): 37
LogDevObjectVersion:   Dev-PhysicsMaterial-Chaos (B68FC16E-8B1B-42E2-B453-215C058844FE): 1
LogDevObjectVersion:   Dev-CineCamera (B2E18506-4273-CFC2-A54E-F4BB758BBA07): 1
LogInit: Presizing for max 25165824 objects, including 0 objects not considered by GC, pre-allocating 0 bytes for permanent pool.
LogConfig: Applying CVar settings from Section [/Script/Engine.StreamingSettings] File [C:/Users/Nadia/Documents/GitHub/Kilncroft-Lane/Unreal Project/KilncroftLane/Saved/Config/Windows/Engine.ini]
LogConfig: Setting CVar [[s.MinBulkDataSizeForAsyncLoading:131072]]
LogConfig: Setting CVar [[s.AsyncLoadingThreadEnabled:0]]
LogConfig: Setting CVar [[s.EventDrivenLoaderEnabled:1]]
LogConfig: Setting CVar [[s.WarnIfTimeLimitExceeded:0]]
LogConfig: Setting CVar [[s.TimeLimitExceededMultiplier:1.5]]
LogConfig: Setting CVar [[s.TimeLimitExceededMinTime:0.005]]
LogConfig: Setting CVar [[s.UseBackgroundLevelStreaming:1]]
LogConfig: Setting CVar [[s.PriorityAsyncLoadingExtraTime:15.0]]
LogConfig: Setting CVar [[s.LevelStreamingActorsUpdateTimeLimit:5.0]]
LogConfig: Setting CVar [[s.PriorityLevelStreamingActorsUpdateExtraTime:5.0]]
LogConfig: Setting CVar [[s.LevelStreamingComponentsRegistrationGranularity:10]]
LogConfig: Setting CVar [[s.UnregisterComponentsTimeLimit:1.0]]
LogConfig: Setting CVar [[s.LevelStreamingComponentsUnregistrationGranularity:5]]
LogConfig: Setting CVar [[s.FlushStreamingOnExit:1]]
LogInit: Object subsystem initialized
LogConfig: Setting CVar [[con.DebugEarlyDefault:1]]
LogConfig: Setting CVar [[r.setres:1280x720]]
[2021.03.18-08.57.52:096][  0]LogConfig: Setting CVar [[r.VSync:0]]
[2021.03.18-08.57.52:096][  0]LogConfig: Setting CVar [[r.RHICmdBypass:0]]
[2021.03.18-08.57.52:096][  0]LogConfig: Applying CVar settings from Section [/Script/Engine.RendererSettings] File [C:/Users/Nadia/Documents/GitHub/Kilncroft-Lane/Unreal Project/KilncroftLane/Saved/Config/Windows/Engine.ini]
[2021.03.18-08.57.52:096][  0]LogConfig: Setting CVar [[r.GPUCrashDebugging:0]]
[2021.03.18-08.57.52:096][  0]LogConfig: Setting CVar [[r.Mobile.DisableVertexFog:1]]
[2021.03.18-08.57.52:096][  0]LogConfig: Setting CVar [[r.Shadow.CSM.MaxMobileCascades:2]]
[2021.03.18-08.57.52:096][  0]LogConfig: Setting CVar [[r.MobileMSAA:4]]
[2021.03.18-08.57.52:096][  0]LogConfig: Setting CVar [[r.Mobile.UseLegacyShadingModel:0]]
[2021.03.18-08.57.52:096][  0]LogConfig: Setting CVar [[r.Mobile.AllowDitheredLODTransition:0]]
[2021.03.18-08.57.52:096][  0]LogConfig: Setting CVar [[r.Mobile.AllowSoftwareOcclusion:0]]
[2021.03.18-08.57.52:096][  0]LogConfig: Setting CVar [[r.Mobile.VirtualTextures:0]]
[2021.03.18-08.57.52:096][  0]LogConfig: Setting CVar [[r.DiscardUnusedQuality:0]]
[2021.03.18-08.57.52:096][  0]LogConfig: Setting CVar [[r.AllowOcclusionQueries:1]]
[2021.03.18-08.57.52:096][  0]LogConfig: Setting CVar [[r.MinScreenRadiusForLights:0.030000]]
[2021.03.18-08.57.52:096][  0]LogConfig: Setting CVar [[r.MinScreenRadiusForDepthPrepass:0.030000]]
[2021.03.18-08.57.52:096][  0]LogConfig: Setting CVar [[r.MinScreenRadiusForCSMDepth:0.010000]]
[2021.03.18-08.57.52:096][  0]LogConfig: Setting CVar [[r.PrecomputedVisibilityWarning:0]]
[2021.03.18-08.57.52:096][  0]LogConfig: Setting CVar [[r.TextureStreaming:1]]
[2021.03.18-08.57.52:096][  0]LogConfig: Setting CVar [[Compat.UseDXT5NormalMaps:0]]
[2021.03.18-08.57.52:096][  0]LogConfig: Setting CVar [[r.VirtualTextures:0]]
[2021.03.18-08.57.52:096][  0]LogConfig: Setting CVar [[r.VirtualTexturedLightmaps:0]]
[2021.03.18-08.57.52:096][  0]LogConfig: Setting CVar [[r.VT.TileSize:128]]
[2021.03.18-08.57.52:096][  0]LogConfig: Setting CVar [[r.VT.TileBorderSize:4]]
[2021.03.18-08.57.52:096][  0]LogConfig: Setting CVar [[r.vt.FeedbackFactor:16]]
[2021.03.18-08.57.52:096][  0]LogConfig: Setting CVar [[r.VT.EnableCompressZlib:1]]
[2021.03.18-08.57.52:096][  0]LogConfig: Setting CVar [[r.VT.EnableCompressCrunch:0]]
[2021.03.18-08.57.52:096][  0]LogConfig: Setting CVar [[r.ClearCoatNormal:0]]
[2021.03.18-08.57.52:096][  0]LogConfig: Setting CVar [[r.AnisotropicBRDF:0]]
[2021.03.18-08.57.52:096][  0]LogConfig: Setting CVar [[r.ReflectionCaptureResolution:128]]
[2021.03.18-08.57.52:096][  0]LogConfig: Setting CVar [[r.ReflectionEnvironmentLightmapMixBasedOnRoughness:1]]
[2021.03.18-08.57.52:096][  0]LogConfig: Setting CVar [[r.ForwardShading:0]]
[2021.03.18-08.57.52:096][  0]LogConfig: Setting CVar [[r.VertexFoggingForOpaque:1]]
[2021.03.18-08.57.52:096][  0]LogConfig: Setting CVar [[r.AllowStaticLighting:1]]
[2021.03.18-08.57.52:096][  0]LogConfig: Setting CVar [[r.NormalMapsForStaticLighting:0]]
[2021.03.18-08.57.52:096][  0]LogConfig: Setting CVar [[r.GenerateMeshDistanceFields:0]]
[2021.03.18-08.57.52:096][  0]LogConfig: Setting CVar [[r.DistanceFieldBuild.EightBit:0]]
[2021.03.18-08.57.52:096][  0]LogConfig: Setting CVar [[r.GenerateLandscapeGIData:0]]
[2021.03.18-08.57.52:096][  0]LogConfig: Setting CVar [[r.DistanceFieldBuild.Compress:0]]
[2021.03.18-08.57.52:096][  0]LogConfig: Setting CVar [[r.TessellationAdaptivePixelsPerTriangle:48.000000]]
[2021.03.18-08.57.52:096][  0]LogConfig: Setting CVar [[r.SeparateTranslucency:0]]
[2021.03.18-08.57.52:096][  0]LogConfig: Setting CVar [[r.TranslucentSortPolicy:0]]
[2021.03.18-08.57.52:096][  0]LogConfig: Setting CVar [[r.CustomDepth:1]]
[2021.03.18-08.57.52:096][  0]LogConfig: Setting CVar [[r.CustomDepthTemporalAAJitter:1]]
[2021.03.18-08.57.52:096][  0]LogConfig: Setting CVar [[r.PostProcessing.PropagateAlpha:0]]
[2021.03.18-08.57.52:096][  0]LogConfig: Setting CVar [[r.DefaultFeature.Bloom:0]]
[2021.03.18-08.57.52:096][  0]LogConfig: Setting CVar [[r.DefaultFeature.AmbientOcclusion:0]]
[2021.03.18-08.57.52:096][  0]LogConfig: Setting CVar [[r.DefaultFeature.AmbientOcclusionStaticFraction:0]]
[2021.03.18-08.57.52:096][  0]LogConfig: Setting CVar [[r.DefaultFeature.AutoExposure:0]]
[2021.03.18-08.57.52:096][  0]LogConfig: Setting CVar [[r.DefaultFeature.AutoExposure.Method:0]]
[2021.03.18-08.57.52:096][  0]LogConfig: Setting CVar [[r.DefaultFeature.AutoExposure.Bias:1.000000]]
[2021.03.18-08.57.52:096][  0]LogConfig: Setting CVar [[r.DefaultFeature.AutoExposure.ExtendDefaultLuminanceRange:0]]
[2021.03.18-08.57.52:096][  0]LogConfig: Setting CVar [[r.UsePreExposure:1]]
[2021.03.18-08.57.52:096][  0]LogConfig: Setting CVar [[r.EyeAdaptation.EditorOnly:0]]
[2021.03.18-08.57.52:096][  0]LogConfig: Setting CVar [[r.DefaultFeature.MotionBlur:0]]
[2021.03.18-08.57.52:096][  0]LogConfig: Setting CVar [[r.DefaultFeature.LensFlare:0]]
[2021.03.18-08.57.52:096][  0]LogConfig: Setting CVar [[r.TemporalAA.Upsampling:0]]
[2021.03.18-08.57.52:096][  0]LogConfig: Setting CVar [[r.SSGI.Enable:0]]
[2021.03.18-08.57.52:096][  0]LogConfig: Setting CVar [[r.DefaultFeature.AntiAliasing:0]]
[2021.03.18-08.57.52:096][  0]LogConfig: Setting CVar [[r.DefaultFeature.LightUnits:1]]
[2021.03.18-08.57.52:096][  0]LogConfig: Setting CVar [[r.DefaultBackBufferPixelFormat:4]]
[2021.03.18-08.57.52:096][  0]LogConfig: Setting CVar [[r.Shadow.UnbuiltPreviewInGame:1]]
[2021.03.18-08.57.52:096][  0]LogConfig: Setting CVar [[r.StencilForLODDither:0]]
[2021.03.18-08.57.52:096][  0]LogConfig: Setting CVar [[r.EarlyZPass:3]]
[2021.03.18-08.57.52:096][  0]LogConfig: Setting CVar [[r.EarlyZPassOnlyMaterialMasking:0]]
[2021.03.18-08.57.52:096][  0]LogConfig: Setting CVar [[r.DBuffer:1]]
[2021.03.18-08.57.52:096][  0]LogConfig: Setting CVar [[r.ClearSceneMethod:1]]
[2021.03.18-08.57.52:096][  0]LogConfig: Setting CVar [[r.BasePassOutputsVelocity:0]]
[2021.03.18-08.57.52:096][  0]LogConfig: Setting CVar [[r.VertexDeformationOutputsVelocity:0]]
[2021.03.18-08.57.52:096][  0]LogConfig: Setting CVar [[r.SelectiveBasePassOutputs:0]]
[2021.03.18-08.57.52:096][  0]LogConfig: Setting CVar [[fx.GPUSimulationTextureSizeX:1024]]
[2021.03.18-08.57.52:097][  0]LogConfig: Setting CVar [[fx.GPUSimulationTextureSizeY:1024]]
[2021.03.18-08.57.52:097][  0]LogConfig: Setting CVar [[r.AllowGlobalClipPlane:0]]
[2021.03.18-08.57.52:097][  0]LogConfig: Setting CVar [[r.GBufferFormat:1]]
[2021.03.18-08.57.52:097][  0]LogConfig: Setting CVar [[r.MorphTarget.Mode:1]]
[2021.03.18-08.57.52:097][  0]LogConfig: Setting CVar [[vr.InstancedStereo:1]]
[2021.03.18-08.57.52:097][  0]LogConfig: Setting CVar [[r.MobileHDR:1]]
[2021.03.18-08.57.52:097][  0]LogConfig: Setting CVar [[vr.MobileMultiView:0]]
[2021.03.18-08.57.52:097][  0]LogConfig: Setting CVar [[r.Mobile.UseHWsRGBEncoding:1]]
[2021.03.18-08.57.52:097][  0]LogConfig: Setting CVar [[vr.RoundRobinOcclusion:0]]
[2021.03.18-08.57.52:097][  0]LogConfig: Setting CVar [[vr.ODSCapture:0]]
[2021.03.18-08.57.52:097][  0]LogConfig: Setting CVar [[r.MeshStreaming:0]]
[2021.03.18-08.57.52:097][  0]LogConfig: Setting CVar [[r.WireframeCullThreshold:5.000000]]
[2021.03.18-08.57.52:097][  0]LogConfig: Setting CVar [[r.RayTracing:0]]
[2021.03.18-08.57.52:097][  0]LogConfig: Setting CVar [[r.RayTracing.UseTextureLod:0]]
[2021.03.18-08.57.52:097][  0]LogConfig: Setting CVar [[r.SupportStationarySkylight:1]]
[2021.03.18-08.57.52:097][  0]LogConfig: Setting CVar [[r.SupportLowQualityLightmaps:1]]
[2021.03.18-08.57.52:097][  0]LogConfig: Setting CVar [[r.SupportPointLightWholeSceneShadows:1]]
[2021.03.18-08.57.52:097][  0]LogConfig: Setting CVar [[r.SupportAtmosphericFog:1]]
[2021.03.18-08.57.52:097][  0]LogConfig: Setting CVar [[r.SupportSkyAtmosphere:1]]
[2021.03.18-08.57.52:097][  0]LogConfig: Setting CVar [[r.SupportSkyAtmosphereAffectsHeightFog:0]]
[2021.03.18-08.57.52:097][  0]LogConfig: Setting CVar [[r.SkinCache.CompileShaders:0]]
[2021.03.18-08.57.52:097][  0]LogConfig: Setting CVar [[r.SkinCache.DefaultBehavior:1]]
[2021.03.18-08.57.52:097][  0]LogConfig: Setting CVar [[r.SkinCache.SceneMemoryLimitInMB:128.000000]]
[2021.03.18-08.57.52:097][  0]LogConfig: Setting CVar [[r.Mobile.EnableStaticAndCSMShadowReceivers:1]]
[2021.03.18-08.57.52:097][  0]LogConfig: Setting CVar [[r.Mobile.EnableMovableLightCSMShaderCulling:1]]
[2021.03.18-08.57.52:097][  0]LogConfig: Setting CVar [[r.Mobile.AllowDistanceFieldShadows:1]]
[2021.03.18-08.57.52:097][  0]LogConfig: Setting CVar [[r.Mobile.AllowMovableDirectionalLights:1]]
[2021.03.18-08.57.52:097][  0]LogConfig: Setting CVar [[r.MobileNumDynamicPointLights:4]]
[2021.03.18-08.57.52:097][  0]LogConfig: Setting CVar [[r.MobileDynamicPointLightsUseStaticBranch:1]]
[2021.03.18-08.57.52:097][  0]LogConfig: Setting CVar [[r.Mobile.EnableMovableSpotlights:0]]
[2021.03.18-08.57.52:097][  0]LogConfig: Setting CVar [[r.GPUSkin.Support16BitBoneIndex:0]]
[2021.03.18-08.57.52:097][  0]LogConfig: Setting CVar [[r.GPUSkin.Limit2BoneInfluences:0]]
[2021.03.18-08.57.52:097][  0]LogConfig: Setting CVar [[r.SupportDepthOnlyIndexBuffers:1]]
[2021.03.18-08.57.52:097][  0]LogConfig: Setting CVar [[r.SupportReversedIndexBuffers:1]]
[2021.03.18-08.57.52:097][  0]LogConfig: Setting CVar [[r.SupportMaterialLayers:0]]
[2021.03.18-08.57.52:097][  0]LogConfig: Setting CVar [[r.LightPropagationVolume:0]]
[2021.03.18-08.57.52:097][  0]LogConfig: Applying CVar settings from Section [/Script/Engine.RendererOverrideSettings] File [C:/Users/Nadia/Documents/GitHub/Kilncroft-Lane/Unreal Project/KilncroftLane/Saved/Config/Windows/Engine.ini]
[2021.03.18-08.57.52:097][  0]LogConfig: Applying CVar settings from Section [/Script/Engine.StreamingSettings] File [C:/Users/Nadia/Documents/GitHub/Kilncroft-Lane/Unreal Project/KilncroftLane/Saved/Config/Windows/Engine.ini]
[2021.03.18-08.57.52:097][  0]LogConfig: Setting CVar [[s.MinBulkDataSizeForAsyncLoading:131072]]
[2021.03.18-08.57.52:097][  0]LogConfig: Setting CVar [[s.AsyncLoadingThreadEnabled:0]]
[2021.03.18-08.57.52:097][  0]LogConfig: Setting CVar [[s.EventDrivenLoaderEnabled:1]]
[2021.03.18-08.57.52:097][  0]LogConfig: Setting CVar [[s.WarnIfTimeLimitExceeded:0]]
[2021.03.18-08.57.52:097][  0]LogConfig: Setting CVar [[s.TimeLimitExceededMultiplier:1.5]]
[2021.03.18-08.57.52:097][  0]LogConfig: Setting CVar [[s.TimeLimitExceededMinTime:0.005]]
[2021.03.18-08.57.52:097][  0]LogConfig: Setting CVar [[s.UseBackgroundLevelStreaming:1]]
[2021.03.18-08.57.52:097][  0]LogConfig: Setting CVar [[s.PriorityAsyncLoadingExtraTime:15.0]]
[2021.03.18-08.57.52:097][  0]LogConfig: Setting CVar [[s.LevelStreamingActorsUpdateTimeLimit:5.0]]
[2021.03.18-08.57.52:097][  0]LogConfig: Setting CVar [[s.PriorityLevelStreamingActorsUpdateExtraTime:5.0]]
[2021.03.18-08.57.52:097][  0]LogConfig: Setting CVar [[s.LevelStreamingComponentsRegistrationGranularity:10]]
[2021.03.18-08.57.52:097][  0]LogConfig: Setting CVar [[s.UnregisterComponentsTimeLimit:1.0]]
[2021.03.18-08.57.52:097][  0]LogConfig: Setting CVar [[s.LevelStreamingComponentsUnregistrationGranularity:5]]
[2021.03.18-08.57.52:097][  0]LogConfig: Setting CVar [[s.FlushStreamingOnExit:1]]
[2021.03.18-08.57.52:097][  0]LogConfig: Applying CVar settings from Section [/Script/Engine.GarbageCollectionSettings] File [C:/Users/Nadia/Documents/GitHub/Kilncroft-Lane/Unreal Project/KilncroftLane/Saved/Config/Windows/Engine.ini]
[2021.03.18-08.57.52:097][  0]LogConfig: Setting CVar [[gc.MaxObjectsNotConsideredByGC:1]]
[2021.03.18-08.57.52:097][  0]LogConfig: Setting CVar [[gc.SizeOfPermanentObjectPool:0]]
[2021.03.18-08.57.52:097][  0]LogConfig: Setting CVar [[gc.FlushStreamingOnGC:0]]
[2021.03.18-08.57.52:097][  0]LogConfig: Setting CVar [[gc.NumRetriesBeforeForcingGC:10]]
[2021.03.18-08.57.52:097][  0]LogConfig: Setting CVar [[gc.AllowParallelGC:1]]
[2021.03.18-08.57.52:097][  0]LogConfig: Setting CVar [[gc.TimeBetweenPurgingPendingKillObjects:61.1]]
[2021.03.18-08.57.52:097][  0]LogConfig: Setting CVar [[gc.MaxObjectsInEditor:25165824]]
[2021.03.18-08.57.52:097][  0]LogConfig: Setting CVar [[gc.IncrementalBeginDestroyEnabled:1]]
[2021.03.18-08.57.52:097][  0]LogConfig: Setting CVar [[gc.CreateGCClusters:1]]
[2021.03.18-08.57.52:097][  0]LogConfig: Setting CVar [[gc.MinGCClusterSize:5]]
[2021.03.18-08.57.52:097][  0]LogConfig: Setting CVar [[gc.ActorClusteringEnabled:0]]
[2021.03.18-08.57.52:097][  0]LogConfig: Setting CVar [[gc.BlueprintClusteringEnabled:0]]
[2021.03.18-08.57.52:097][  0]LogConfig: Setting CVar [[gc.UseDisregardForGCOnDedicatedServers:0]]
[2021.03.18-08.57.52:097][  0]LogConfig: Applying CVar settings from Section [/Script/Engine.NetworkSettings] File [C:/Users/Nadia/Documents/GitHub/Kilncroft-Lane/Unreal Project/KilncroftLane/Saved/Config/Windows/Engine.ini]
[2021.03.18-08.57.52:097][  0]LogConfig: Applying CVar settings from Section [/Script/UnrealEd.CookerSettings] File [C:/Users/Nadia/Documents/GitHub/Kilncroft-Lane/Unreal Project/KilncroftLane/Saved/Config/Windows/Engine.ini]
[2021.03.18-08.57.52:101][  0]LogConfig: Applying CVar settings from Section [ViewDistanceQuality@3] File [C:/Users/Nadia/Documents/GitHub/Kilncroft-Lane/Unreal Project/KilncroftLane/Saved/Config/Windows/Scalability.ini]
[2021.03.18-08.57.52:101][  0]LogConfig: Setting CVar [[r.SkeletalMeshLODBias:0]]
[2021.03.18-08.57.52:101][  0]LogConfig: Setting CVar [[r.ViewDistanceScale:1.0]]
[2021.03.18-08.57.52:101][  0]LogConfig: Applying CVar settings from Section [AntiAliasingQuality@3] File [C:/Users/Nadia/Documents/GitHub/Kilncroft-Lane/Unreal Project/KilncroftLane/Saved/Config/Windows/Scalability.ini]
[2021.03.18-08.57.52:101][  0]LogConfig: Setting CVar [[r.PostProcessAAQuality:3]]
[2021.03.18-08.57.52:101][  0]LogConfig: Applying CVar settings from Section [ShadowQuality@3] File [C:/Users/Nadia/Documents/GitHub/Kilncroft-Lane/Unreal Project/KilncroftLane/Saved/Config/Windows/Scalability.ini]
[2021.03.18-08.57.52:101][  0]LogConfig: Setting CVar [[r.LightFunctionQuality:1]]
[2021.03.18-08.57.52:101][  0]LogConfig: Setting CVar [[r.ShadowQuality:5]]
[2021.03.18-08.57.52:101][  0]LogConfig: Setting CVar [[r.Shadow.CSM.MaxCascades:10]]
[2021.03.18-08.57.52:101][  0]LogConfig: Setting CVar [[r.Shadow.MaxResolution:2048]]
[2021.03.18-08.57.52:101][  0]LogConfig: Setting CVar [[r.Shadow.MaxCSMResolution:2048]]
[2021.03.18-08.57.52:101][  0]LogConfig: Setting CVar [[r.Shadow.RadiusThreshold:0.01]]
[2021.03.18-08.57.52:101][  0]LogConfig: Setting CVar [[r.Shadow.DistanceScale:1.0]]
[2021.03.18-08.57.52:101][  0]LogConfig: Setting CVar [[r.Shadow.CSM.TransitionScale:1.0]]
[2021.03.18-08.57.52:101][  0]LogConfig: Setting CVar [[r.Shadow.PreShadowResolutionFactor:1.0]]
[2021.03.18-08.57.52:101][  0]LogConfig: Setting CVar [[r.DistanceFieldShadowing:1]]
[2021.03.18-08.57.52:101][  0]LogConfig: Setting CVar [[r.DistanceFieldAO:1]]
[2021.03.18-08.57.52:101][  0]LogConfig: Setting CVar [[r.AOQuality:2]]
[2021.03.18-08.57.52:101][  0]LogConfig: Setting CVar [[r.VolumetricFog:1]]
[2021.03.18-08.57.52:101][  0]LogConfig: Setting CVar [[r.VolumetricFog.GridPixelSize:8]]
[2021.03.18-08.57.52:101][  0]LogConfig: Setting CVar [[r.VolumetricFog.GridSizeZ:128]]
[2021.03.18-08.57.52:101][  0]LogConfig: Setting CVar [[r.VolumetricFog.HistoryMissSupersampleCount:4]]
[2021.03.18-08.57.52:101][  0]LogConfig: Setting CVar [[r.LightMaxDrawDistanceScale:1]]
[2021.03.18-08.57.52:101][  0]LogConfig: Setting CVar [[r.CapsuleShadows:1]]
[2021.03.18-08.57.52:101][  0]LogConfig: Applying CVar settings from Section [PostProcessQuality@3] File [C:/Users/Nadia/Documents/GitHub/Kilncroft-Lane/Unreal Project/KilncroftLane/Saved/Config/Windows/Scalability.ini]
[2021.03.18-08.57.52:101][  0]LogConfig: Setting CVar [[r.MotionBlurQuality:0]]
[2021.03.18-08.57.52:101][  0]LogConfig: Setting CVar [[r.AmbientOcclusionMipLevelFactor:0.4]]
[2021.03.18-08.57.52:101][  0]LogConfig: Setting CVar [[r.AmbientOcclusionMaxQuality:100]]
[2021.03.18-08.57.52:101][  0]LogConfig: Setting CVar [[r.AmbientOcclusionLevels:0]]
[2021.03.18-08.57.52:101][  0]LogConfig: Setting CVar [[r.AmbientOcclusionRadiusScale:1.0]]
[2021.03.18-08.57.52:101][  0]LogConfig: Setting CVar [[r.DepthOfFieldQuality:0]]
[2021.03.18-08.57.52:101][  0]LogConfig: Setting CVar [[r.RenderTargetPoolMin:400]]
[2021.03.18-08.57.52:101][  0]LogConfig: Setting CVar [[r.LensFlareQuality:0]]
[2021.03.18-08.57.52:101][  0]LogConfig: Setting CVar [[r.SceneColorFringeQuality:0]]
[2021.03.18-08.57.52:101][  0]LogConfig: Setting CVar [[r.EyeAdaptationQuality:2]]
[2021.03.18-08.57.52:101][  0]LogConfig: Setting CVar [[r.BloomQuality:1]]
[2021.03.18-08.57.52:101][  0]LogConfig: Setting CVar [[r.FastBlurThreshold:0]]
[2021.03.18-08.57.52:101][  0]LogConfig: Setting CVar [[r.Upscale.Quality:3]]
[2021.03.18-08.57.52:101][  0]LogConfig: Setting CVar [[r.Tonemapper.GrainQuantization:1]]
[2021.03.18-08.57.52:101][  0]LogConfig: Setting CVar [[r.LightShaftQuality:1]]
[2021.03.18-08.57.52:101][  0]LogConfig: Setting CVar [[r.Filter.SizeScale:1]]
[2021.03.18-08.57.52:101][  0]LogConfig: Setting CVar [[r.Tonemapper.Quality:5]]
[2021.03.18-08.57.52:101][  0]LogConfig: Setting CVar [[r.DOF.Gather.AccumulatorQuality:1        ; higher gathering accumulator quality]]
[2021.03.18-08.57.52:101][  0]LogConfig: Setting CVar [[r.DOF.Gather.PostfilterMethod:1          ; Median3x3 postfilering method]]
[2021.03.18-08.57.52:102][  0]LogConfig: Setting CVar [[r.DOF.Gather.EnableBokehSettings:0       ; no bokeh simulation when gathering]]
[2021.03.18-08.57.52:102][  0]LogConfig: Setting CVar [[r.DOF.Gather.RingCount:4                 ; medium number of samples when gathering]]
[2021.03.18-08.57.52:102][  0]LogConfig: Setting CVar [[r.DOF.Scatter.ForegroundCompositing:1    ; additive foreground scattering]]
[2021.03.18-08.57.52:102][  0]LogConfig: Setting CVar [[r.DOF.Scatter.BackgroundCompositing:2    ; additive background scattering]]
[2021.03.18-08.57.52:102][  0]LogConfig: Setting CVar [[r.DOF.Scatter.EnableBokehSettings:1      ; bokeh simulation when scattering]]
[2021.03.18-08.57.52:102][  0]LogConfig: Setting CVar [[r.DOF.Scatter.MaxSpriteRatio:0.1         ; only a maximum of 10% of scattered bokeh]]
[2021.03.18-08.57.52:102][  0]LogConfig: Setting CVar [[r.DOF.Recombine.Quality:1                ; cheap slight out of focus]]
[2021.03.18-08.57.52:102][  0]LogConfig: Setting CVar [[r.DOF.Recombine.EnableBokehSettings:0    ; no bokeh simulation on slight out of focus]]
[2021.03.18-08.57.52:102][  0]LogConfig: Setting CVar [[r.DOF.TemporalAAQuality:1                ; more stable temporal accumulation]]
[2021.03.18-08.57.52:102][  0]LogConfig: Setting CVar [[r.DOF.Kernel.MaxForegroundRadius:0.025]]
[2021.03.18-08.57.52:102][  0]LogConfig: Setting CVar [[r.DOF.Kernel.MaxBackgroundRadius:0.025]]
[2021.03.18-08.57.52:102][  0]LogConfig: Applying CVar settings from Section [TextureQuality@3] File [C:/Users/Nadia/Documents/GitHub/Kilncroft-Lane/Unreal Project/KilncroftLane/Saved/Config/Windows/Scalability.ini]
[2021.03.18-08.57.52:102][  0]LogConfig: Setting CVar [[r.Streaming.MipBias:0]]
[2021.03.18-08.57.52:102][  0]LogConfig: Setting CVar [[r.Streaming.AmortizeCPUToGPUCopy:0]]
[2021.03.18-08.57.52:102][  0]LogConfig: Setting CVar [[r.Streaming.MaxNumTexturesToStreamPerFrame:0]]
[2021.03.18-08.57.52:102][  0]LogConfig: Setting CVar [[r.Streaming.Boost:1]]
[2021.03.18-08.57.52:102][  0]LogConfig: Setting CVar [[r.MaxAnisotropy:8]]
[2021.03.18-08.57.52:102][  0]LogConfig: Setting CVar [[r.VT.MaxAnisotropy:8]]
[2021.03.18-08.57.52:102][  0]LogConfig: Setting CVar [[r.Streaming.LimitPoolSizeToVRAM:0]]
[2021.03.18-08.57.52:102][  0]LogConfig: Setting CVar [[r.Streaming.PoolSize:1000]]
[2021.03.18-08.57.52:102][  0]LogConfig: Setting CVar [[r.Streaming.MaxEffectiveScreenSize:0]]
[2021.03.18-08.57.52:102][  0]LogConfig: Applying CVar settings from Section [EffectsQuality@3] File [C:/Users/Nadia/Documents/GitHub/Kilncroft-Lane/Unreal Project/KilncroftLane/Saved/Config/Windows/Scalability.ini]
[2021.03.18-08.57.52:102][  0]LogConfig: Setting CVar [[r.TranslucencyLightingVolumeDim:4]]
[2021.03.18-08.57.52:102][  0]LogConfig: Setting CVar [[r.RefractionQuality:2]]
[2021.03.18-08.57.52:102][  0]LogConfig: Setting CVar [[r.SSR.Quality:0]]
[2021.03.18-08.57.52:102][  0]LogConfig: Setting CVar [[r.SSR.HalfResSceneColor:0]]
[2021.03.18-08.57.52:102][  0]LogConfig: Setting CVar [[r.SceneColorFormat:2]]
[2021.03.18-08.57.52:102][  0]LogConfig: Setting CVar [[r.DetailMode:2]]
[2021.03.18-08.57.52:102][  0]LogConfig: Setting CVar [[r.TranslucencyVolumeBlur:0]]
[2021.03.18-08.57.52:102][  0]LogConfig: Setting CVar [[r.MaterialQualityLevel:1 ; High quality]]
[2021.03.18-08.57.52:102][  0]LogConfig: Setting CVar [[r.SSS.Scale:1]]
[2021.03.18-08.57.52:102][  0]LogConfig: Setting CVar [[r.SSS.SampleSet:2]]
[2021.03.18-08.57.52:102][  0]LogConfig: Setting CVar [[r.SSS.Quality:1]]
[2021.03.18-08.57.52:102][  0]LogConfig: Setting CVar [[r.SSS.HalfRes:0]]
[2021.03.18-08.57.52:102][  0]LogConfig: Setting CVar [[r.SSGI.Quality:3]]
[2021.03.18-08.57.52:102][  0]LogConfig: Setting CVar [[r.EmitterSpawnRateScale:1.0]]
[2021.03.18-08.57.52:102][  0]LogConfig: Setting CVar [[r.ParticleLightQuality:2]]
[2021.03.18-08.57.52:102][  0]LogConfig: Setting CVar [[r.SkyAtmosphere.AerialPerspectiveLUT.FastApplyOnOpaque:1 ; Always have FastSkyLUT 1 in this case to avoid wrong sky]]
[2021.03.18-08.57.52:102][  0]LogConfig: Setting CVar [[r.SkyAtmosphere.AerialPerspectiveLUT.SampleCountPerSlice:1]]
[2021.03.18-08.57.52:102][  0]LogConfig: Setting CVar [[r.SkyAtmosphere.AerialPerspectiveLUT.DepthResolution:16.0]]
[2021.03.18-08.57.52:102][  0]LogConfig: Setting CVar [[r.SkyAtmosphere.FastSkyLUT:1]]
[2021.03.18-08.57.52:102][  0]LogConfig: Setting CVar [[r.SkyAtmosphere.FastSkyLUT.SampleCountMin:4.0]]
[2021.03.18-08.57.52:102][  0]LogConfig: Setting CVar [[r.SkyAtmosphere.FastSkyLUT.SampleCountMax:32.0]]
[2021.03.18-08.57.52:102][  0]LogConfig: Setting CVar [[r.SkyAtmosphere.SampleCountMin:4.0]]
[2021.03.18-08.57.52:102][  0]LogConfig: Setting CVar [[r.SkyAtmosphere.SampleCountMax:32.0]]
[2021.03.18-08.57.52:102][  0]LogConfig: Setting CVar [[r.SkyAtmosphere.TransmittanceLUT.UseSmallFormat:0]]
[2021.03.18-08.57.52:102][  0]LogConfig: Setting CVar [[r.SkyAtmosphere.TransmittanceLUT.SampleCount:10.0]]
[2021.03.18-08.57.52:102][  0]LogConfig: Setting CVar [[r.SkyAtmosphere.MultiScatteringLUT.SampleCount:15.0]]
[2021.03.18-08.57.52:102][  0]LogConfig: Applying CVar settings from Section [FoliageQuality@3] File [C:/Users/Nadia/Documents/GitHub/Kilncroft-Lane/Unreal Project/KilncroftLane/Saved/Config/Windows/Scalability.ini]
[2021.03.18-08.57.52:102][  0]LogConfig: Setting CVar [[foliage.DensityScale:1.0]]
[2021.03.18-08.57.52:102][  0]LogConfig: Setting CVar [[grass.DensityScale:1.0]]
[2021.03.18-08.57.52:102][  0]LogConfig: Applying CVar settings from Section [ShadingQuality@3] File [C:/Users/Nadia/Documents/GitHub/Kilncroft-Lane/Unreal Project/KilncroftLane/Saved/Config/Windows/Scalability.ini]
[2021.03.18-08.57.52:102][  0]LogConfig: Setting CVar [[r.HairStrands.SkyLighting.SampleCount:16]]
[2021.03.18-08.57.52:102][  0]LogConfig: Setting CVar [[r.HairStrands.SkyLighting.JitterIntegration:0]]
[2021.03.18-08.57.52:102][  0]LogConfig: Setting CVar [[r.HairStrands.SkyAO.SampleCount:16]]
[2021.03.18-08.57.52:102][  0]LogConfig: Setting CVar [[r.HairStrands.DeepShadow.SuperSampling:0]]
[2021.03.18-08.57.52:102][  0]LogConfig: Setting CVar [[r.HairStrands.VisibilityPPLL:0]]
[2021.03.18-08.57.52:102][  0]LogConfig: Setting CVar [[r.HairStrands.RasterizationScale:0.5]]
[2021.03.18-08.57.52:102][  0]LogConfig: Setting CVar [[r.HairStrands.VelocityRasterizationScale:1]]
[2021.03.18-08.57.52:102][  0]LogInit: Selected Device Profile: [Windows]
[2021.03.18-08.57.52:102][  0]LogInit: Applying CVar settings loaded from the selected device profile: [Windows]
[2021.03.18-08.57.52:102][  0]LogHAL: Display: Platform has ~ 16 GB [17112272896 / 17179869184 / 16], which maps to Larger [LargestMinGB=32, LargerMinGB=12, DefaultMinGB=8, SmallerMinGB=6, SmallestMinGB=0)
[2021.03.18-08.57.52:102][  0]LogInit: Going up to parent DeviceProfile []
[2021.03.18-08.57.52:102][  0]LogConfig: Applying CVar settings from Section [ViewDistanceQuality@3] File [C:/Users/Nadia/Documents/GitHub/Kilncroft-Lane/Unreal Project/KilncroftLane/Saved/Config/Windows/Scalability.ini]
[2021.03.18-08.57.52:102][  0]LogConfig: Setting CVar [[r.SkeletalMeshLODBias:0]]
[2021.03.18-08.57.52:102][  0]LogConfig: Setting CVar [[r.ViewDistanceScale:1.0]]
[2021.03.18-08.57.52:102][  0]LogConfig: Applying CVar settings from Section [AntiAliasingQuality@3] File [C:/Users/Nadia/Documents/GitHub/Kilncroft-Lane/Unreal Project/KilncroftLane/Saved/Config/Windows/Scalability.ini]
[2021.03.18-08.57.52:102][  0]LogConfig: Setting CVar [[r.PostProcessAAQuality:3]]
[2021.03.18-08.57.52:102][  0]LogConfig: Applying CVar settings from Section [ShadowQuality@3] File [C:/Users/Nadia/Documents/GitHub/Kilncroft-Lane/Unreal Project/KilncroftLane/Saved/Config/Windows/Scalability.ini]
[2021.03.18-08.57.52:102][  0]LogConfig: Setting CVar [[r.LightFunctionQuality:1]]
[2021.03.18-08.57.52:102][  0]LogConfig: Setting CVar [[r.ShadowQuality:5]]
[2021.03.18-08.57.52:102][  0]LogConfig: Setting CVar [[r.Shadow.CSM.MaxCascades:10]]
[2021.03.18-08.57.52:102][  0]LogConfig: Setting CVar [[r.Shadow.MaxResolution:2048]]
[2021.03.18-08.57.52:102][  0]LogConfig: Setting CVar [[r.Shadow.MaxCSMResolution:2048]]
[2021.03.18-08.57.52:102][  0]LogConfig: Setting CVar [[r.Shadow.RadiusThreshold:0.01]]
[2021.03.18-08.57.52:102][  0]LogConfig: Setting CVar [[r.Shadow.DistanceScale:1.0]]
[2021.03.18-08.57.52:102][  0]LogConfig: Setting CVar [[r.Shadow.CSM.TransitionScale:1.0]]
[2021.03.18-08.57.52:102][  0]LogConfig: Setting CVar [[r.Shadow.PreShadowResolutionFactor:1.0]]
[2021.03.18-08.57.52:103][  0]LogConfig: Setting CVar [[r.DistanceFieldShadowing:1]]
[2021.03.18-08.57.52:103][  0]LogConfig: Setting CVar [[r.DistanceFieldAO:1]]
[2021.03.18-08.57.52:103][  0]LogConfig: Setting CVar [[r.AOQuality:2]]
[2021.03.18-08.57.52:103][  0]LogConfig: Setting CVar [[r.VolumetricFog:1]]
[2021.03.18-08.57.52:103][  0]LogConfig: Setting CVar [[r.VolumetricFog.GridPixelSize:8]]
[2021.03.18-08.57.52:103][  0]LogConfig: Setting CVar [[r.VolumetricFog.GridSizeZ:128]]
[2021.03.18-08.57.52:103][  0]LogConfig: Setting CVar [[r.VolumetricFog.HistoryMissSupersampleCount:4]]
[2021.03.18-08.57.52:103][  0]LogConfig: Setting CVar [[r.LightMaxDrawDistanceScale:1]]
[2021.03.18-08.57.52:103][  0]LogConfig: Setting CVar [[r.CapsuleShadows:1]]
[2021.03.18-08.57.52:103][  0]LogConfig: Applying CVar settings from Section [PostProcessQuality@3] File [C:/Users/Nadia/Documents/GitHub/Kilncroft-Lane/Unreal Project/KilncroftLane/Saved/Config/Windows/Scalability.ini]
[2021.03.18-08.57.52:103][  0]LogConfig: Setting CVar [[r.MotionBlurQuality:0]]
[2021.03.18-08.57.52:103][  0]LogConfig: Setting CVar [[r.AmbientOcclusionMipLevelFactor:0.4]]
[2021.03.18-08.57.52:103][  0]LogConfig: Setting CVar [[r.AmbientOcclusionMaxQuality:100]]
[2021.03.18-08.57.52:103][  0]LogConfig: Setting CVar [[r.AmbientOcclusionLevels:0]]
[2021.03.18-08.57.52:103][  0]LogConfig: Setting CVar [[r.AmbientOcclusionRadiusScale:1.0]]
[2021.03.18-08.57.52:103][  0]LogConfig: Setting CVar [[r.DepthOfFieldQuality:0]]
[2021.03.18-08.57.52:103][  0]LogConfig: Setting CVar [[r.RenderTargetPoolMin:400]]
[2021.03.18-08.57.52:103][  0]LogConfig: Setting CVar [[r.LensFlareQuality:0]]
[2021.03.18-08.57.52:103][  0]LogConfig: Setting CVar [[r.SceneColorFringeQuality:0]]
[2021.03.18-08.57.52:103][  0]LogConfig: Setting CVar [[r.EyeAdaptationQuality:2]]
[2021.03.18-08.57.52:103][  0]LogConfig: Setting CVar [[r.BloomQuality:1]]
[2021.03.18-08.57.52:103][  0]LogConfig: Setting CVar [[r.FastBlurThreshold:0]]
[2021.03.18-08.57.52:103][  0]LogConfig: Setting CVar [[r.Upscale.Quality:3]]
[2021.03.18-08.57.52:103][  0]LogConfig: Setting CVar [[r.Tonemapper.GrainQuantization:1]]
[2021.03.18-08.57.52:103][  0]LogConfig: Setting CVar [[r.LightShaftQuality:1]]
[2021.03.18-08.57.52:103][  0]LogConfig: Setting CVar [[r.Filter.SizeScale:1]]
[2021.03.18-08.57.52:103][  0]LogConfig: Setting CVar [[r.Tonemapper.Quality:5]]
[2021.03.18-08.57.52:103][  0]LogConfig: Setting CVar [[r.DOF.Gather.AccumulatorQuality:1        ; higher gathering accumulator quality]]
[2021.03.18-08.57.52:103][  0]LogConfig: Setting CVar [[r.DOF.Gather.PostfilterMethod:1          ; Median3x3 postfilering method]]
[2021.03.18-08.57.52:103][  0]LogConfig: Setting CVar [[r.DOF.Gather.EnableBokehSettings:0       ; no bokeh simulation when gathering]]
[2021.03.18-08.57.52:103][  0]LogConfig: Setting CVar [[r.DOF.Gather.RingCount:4                 ; medium number of samples when gathering]]
[2021.03.18-08.57.52:103][  0]LogConfig: Setting CVar [[r.DOF.Scatter.ForegroundCompositing:1    ; additive foreground scattering]]
[2021.03.18-08.57.52:103][  0]LogConfig: Setting CVar [[r.DOF.Scatter.BackgroundCompositing:2    ; additive background scattering]]
[2021.03.18-08.57.52:103][  0]LogConfig: Setting CVar [[r.DOF.Scatter.EnableBokehSettings:1      ; bokeh simulation when scattering]]
[2021.03.18-08.57.52:103][  0]LogConfig: Setting CVar [[r.DOF.Scatter.MaxSpriteRatio:0.1         ; only a maximum of 10% of scattered bokeh]]
[2021.03.18-08.57.52:103][  0]LogConfig: Setting CVar [[r.DOF.Recombine.Quality:1                ; cheap slight out of focus]]
[2021.03.18-08.57.52:103][  0]LogConfig: Setting CVar [[r.DOF.Recombine.EnableBokehSettings:0    ; no bokeh simulation on slight out of focus]]
[2021.03.18-08.57.52:103][  0]LogConfig: Setting CVar [[r.DOF.TemporalAAQuality:1                ; more stable temporal accumulation]]
[2021.03.18-08.57.52:103][  0]LogConfig: Setting CVar [[r.DOF.Kernel.MaxForegroundRadius:0.025]]
[2021.03.18-08.57.52:103][  0]LogConfig: Setting CVar [[r.DOF.Kernel.MaxBackgroundRadius:0.025]]
[2021.03.18-08.57.52:103][  0]LogConfig: Applying CVar settings from Section [TextureQuality@3] File [C:/Users/Nadia/Documents/GitHub/Kilncroft-Lane/Unreal Project/KilncroftLane/Saved/Config/Windows/Scalability.ini]
[2021.03.18-08.57.52:103][  0]LogConfig: Setting CVar [[r.Streaming.MipBias:0]]
[2021.03.18-08.57.52:103][  0]LogConfig: Setting CVar [[r.Streaming.AmortizeCPUToGPUCopy:0]]
[2021.03.18-08.57.52:103][  0]LogConfig: Setting CVar [[r.Streaming.MaxNumTexturesToStreamPerFrame:0]]
[2021.03.18-08.57.52:103][  0]LogConfig: Setting CVar [[r.Streaming.Boost:1]]
[2021.03.18-08.57.52:103][  0]LogConfig: Setting CVar [[r.MaxAnisotropy:8]]
[2021.03.18-08.57.52:103][  0]LogConfig: Setting CVar [[r.VT.MaxAnisotropy:8]]
[2021.03.18-08.57.52:103][  0]LogConfig: Setting CVar [[r.Streaming.LimitPoolSizeToVRAM:0]]
[2021.03.18-08.57.52:103][  0]LogConfig: Setting CVar [[r.Streaming.PoolSize:1000]]
[2021.03.18-08.57.52:103][  0]LogConfig: Setting CVar [[r.Streaming.MaxEffectiveScreenSize:0]]
[2021.03.18-08.57.52:103][  0]LogConfig: Applying CVar settings from Section [EffectsQuality@3] File [C:/Users/Nadia/Documents/GitHub/Kilncroft-Lane/Unreal Project/KilncroftLane/Saved/Config/Windows/Scalability.ini]
[2021.03.18-08.57.52:103][  0]LogConfig: Setting CVar [[r.TranslucencyLightingVolumeDim:4]]
[2021.03.18-08.57.52:103][  0]LogConfig: Setting CVar [[r.RefractionQuality:2]]
[2021.03.18-08.57.52:103][  0]LogConfig: Setting CVar [[r.SSR.Quality:0]]
[2021.03.18-08.57.52:103][  0]LogConfig: Setting CVar [[r.SSR.HalfResSceneColor:0]]
[2021.03.18-08.57.52:103][  0]LogConfig: Setting CVar [[r.SceneColorFormat:2]]
[2021.03.18-08.57.52:103][  0]LogConfig: Setting CVar [[r.DetailMode:2]]
[2021.03.18-08.57.52:103][  0]LogConfig: Setting CVar [[r.TranslucencyVolumeBlur:0]]
[2021.03.18-08.57.52:103][  0]LogConfig: Setting CVar [[r.MaterialQualityLevel:1 ; High quality]]
[2021.03.18-08.57.52:103][  0]LogConfig: Setting CVar [[r.SSS.Scale:1]]
[2021.03.18-08.57.52:103][  0]LogConfig: Setting CVar [[r.SSS.SampleSet:2]]
[2021.03.18-08.57.52:103][  0]LogConfig: Setting CVar [[r.SSS.Quality:1]]
[2021.03.18-08.57.52:103][  0]LogConfig: Setting CVar [[r.SSS.HalfRes:0]]
[2021.03.18-08.57.52:103][  0]LogConfig: Setting CVar [[r.SSGI.Quality:3]]
[2021.03.18-08.57.52:103][  0]LogConfig: Setting CVar [[r.EmitterSpawnRateScale:1.0]]
[2021.03.18-08.57.52:103][  0]LogConfig: Setting CVar [[r.ParticleLightQuality:2]]
[2021.03.18-08.57.52:103][  0]LogConfig: Setting CVar [[r.SkyAtmosphere.AerialPerspectiveLUT.FastApplyOnOpaque:1 ; Always have FastSkyLUT 1 in this case to avoid wrong sky]]
[2021.03.18-08.57.52:103][  0]LogConfig: Setting CVar [[r.SkyAtmosphere.AerialPerspectiveLUT.SampleCountPerSlice:1]]
[2021.03.18-08.57.52:103][  0]LogConfig: Setting CVar [[r.SkyAtmosphere.AerialPerspectiveLUT.DepthResolution:16.0]]
[2021.03.18-08.57.52:103][  0]LogConfig: Setting CVar [[r.SkyAtmosphere.FastSkyLUT:1]]
[2021.03.18-08.57.52:103][  0]LogConfig: Setting CVar [[r.SkyAtmosphere.FastSkyLUT.SampleCountMin:4.0]]
[2021.03.18-08.57.52:103][  0]LogConfig: Setting CVar [[r.SkyAtmosphere.FastSkyLUT.SampleCountMax:32.0]]
[2021.03.18-08.57.52:103][  0]LogConfig: Setting CVar [[r.SkyAtmosphere.SampleCountMin:4.0]]
[2021.03.18-08.57.52:103][  0]LogConfig: Setting CVar [[r.SkyAtmosphere.SampleCountMax:32.0]]
[2021.03.18-08.57.52:103][  0]LogConfig: Setting CVar [[r.SkyAtmosphere.TransmittanceLUT.UseSmallFormat:0]]
[2021.03.18-08.57.52:103][  0]LogConfig: Setting CVar [[r.SkyAtmosphere.TransmittanceLUT.SampleCount:10.0]]
[2021.03.18-08.57.52:103][  0]LogConfig: Setting CVar [[r.SkyAtmosphere.MultiScatteringLUT.SampleCount:15.0]]
[2021.03.18-08.57.52:103][  0]LogConfig: Applying CVar settings from Section [FoliageQuality@3] File [C:/Users/Nadia/Documents/GitHub/Kilncroft-Lane/Unreal Project/KilncroftLane/Saved/Config/Windows/Scalability.ini]
[2021.03.18-08.57.52:103][  0]LogConfig: Setting CVar [[foliage.DensityScale:1.0]]
[2021.03.18-08.57.52:103][  0]LogConfig: Setting CVar [[grass.DensityScale:1.0]]
[2021.03.18-08.57.52:103][  0]LogConfig: Applying CVar settings from Section [ShadingQuality@3] File [C:/Users/Nadia/Documents/GitHub/Kilncroft-Lane/Unreal Project/KilncroftLane/Saved/Config/Windows/Scalability.ini]
[2021.03.18-08.57.52:103][  0]LogConfig: Setting CVar [[r.HairStrands.SkyLighting.SampleCount:16]]
[2021.03.18-08.57.52:103][  0]LogConfig: Setting CVar [[r.HairStrands.SkyLighting.JitterIntegration:0]]
[2021.03.18-08.57.52:103][  0]LogConfig: Setting CVar [[r.HairStrands.SkyAO.SampleCount:16]]
[2021.03.18-08.57.52:103][  0]LogConfig: Setting CVar [[r.HairStrands.DeepShadow.SuperSampling:0]]
[2021.03.18-08.57.52:103][  0]LogConfig: Setting CVar [[r.HairStrands.VisibilityPPLL:0]]
[2021.03.18-08.57.52:103][  0]LogConfig: Setting CVar [[r.HairStrands.RasterizationScale:0.5]]
[2021.03.18-08.57.52:103][  0]LogConfig: Setting CVar [[r.HairStrands.VelocityRasterizationScale:1]]
[2021.03.18-08.57.52:103][  0]LogConfig: Applying CVar settings from Section [Startup] File [../../../Engine/Config/ConsoleVariables.ini]
[2021.03.18-08.57.52:104][  0]LogConfig: Setting CVar [[net.UseAdaptiveNetUpdateFrequency:0]]
[2021.03.18-08.57.52:104][  0]LogConfig: Setting CVar [[p.chaos.AllowCreatePhysxBodies:1]]
[2021.03.18-08.57.52:104][  0]LogConfig: Setting CVar [[fx.SkipVectorVMBackendOptimizations:1]]
[2021.03.18-08.57.52:104][  0]LogConfig: Applying CVar settings from Section [ConsoleVariables] File [C:/Users/Nadia/Documents/GitHub/Kilncroft-Lane/Unreal Project/KilncroftLane/Saved/Config/Windows/Engine.ini]
[2021.03.18-08.57.52:104][  0]LogInit: Computer: DESKTOP-MA10VPC
[2021.03.18-08.57.52:104][  0]LogInit: User: Nadia
[2021.03.18-08.57.52:104][  0]LogInit: CPU Page size=4096, Cores=6
[2021.03.18-08.57.52:104][  0]LogInit: High frequency timer resolution =10.000000 MHz
[2021.03.18-08.57.52:104][  0]LogMemory: Memory total: Physical=15.9GB (16GB approx)
[2021.03.18-08.57.52:104][  0]LogMemory: Platform Memory Stats for Windows
[2021.03.18-08.57.52:104][  0]LogMemory: Process Physical Memory: 115.55 MB used, 115.55 MB peak
[2021.03.18-08.57.52:104][  0]LogMemory: Process Virtual Memory: 95.79 MB used, 95.79 MB peak
[2021.03.18-08.57.52:104][  0]LogMemory: Physical Memory: 8064.48 MB used,  8255.05 MB free, 16319.54 MB total
[2021.03.18-08.57.52:104][  0]LogMemory: Virtual Memory: 5138.93 MB used,  134212592.00 MB free, 134217728.00 MB total
[2021.03.18-08.57.52:109][  0]LogWindows: WindowsPlatformFeatures enabled
[2021.03.18-08.57.52:156][  0]LogInit: Physics initialised using underlying interface: PhysX
[2021.03.18-08.57.52:156][  0]LogInit: Using OS detected language (en-GB).
[2021.03.18-08.57.52:156][  0]LogInit: Using OS detected locale (en-GB).
[2021.03.18-08.57.52:158][  0]LogTextLocalizationManager: No specific localization for 'en-GB' exists, so the 'en' localization will be used.
[2021.03.18-08.57.52:324][  0]LogInit: Setting process to per monitor DPI aware
[2021.03.18-08.57.52:350][  0]LogSlate: New Slate User Created.  User Index 0, Is Virtual User: 0
[2021.03.18-08.57.52:350][  0]LogSlate: Slate User Registered.  User Index 0, Is Virtual User: 0
[2021.03.18-08.57.52:537][  0]LogHMD: Failed to initialize OpenVR with code 110
[2021.03.18-08.57.52:537][  0]LogD3D11RHI: D3D11 min allowed feature level: 11_0
[2021.03.18-08.57.52:537][  0]LogD3D11RHI: D3D11 max allowed feature level: 11_0
[2021.03.18-08.57.52:537][  0]LogD3D11RHI: D3D11 adapters:
[2021.03.18-08.57.52:621][  0]LogD3D11RHI:    0. 'NVIDIA GeForce RTX 2060' (Feature Level 11_0)
[2021.03.18-08.57.52:621][  0]LogD3D11RHI:       5967/0/8159 MB DedicatedVideo/DedicatedSystem/SharedSystem, Outputs:2, VendorId:0x10de
[2021.03.18-08.57.52:623][  0]LogD3D11RHI:    1. 'Microsoft Basic Render Driver' (Feature Level 11_0)
[2021.03.18-08.57.52:623][  0]LogD3D11RHI:       0/0/8159 MB DedicatedVideo/DedicatedSystem/SharedSystem, Outputs:0, VendorId:0x1414
[2021.03.18-08.57.52:623][  0]LogD3D11RHI: Chosen D3D11 Adapter: 0
[2021.03.18-08.57.52:628][  0]LogD3D11RHI: Creating new Direct3DDevice
[2021.03.18-08.57.52:629][  0]LogD3D11RHI:     GPU DeviceId: 0x1e89 (for the marketing name, search the web for "GPU Device Id")
[2021.03.18-08.57.52:629][  0]LogWindows: EnumDisplayDevices:
[2021.03.18-08.57.52:629][  0]LogWindows:    0. 'NVIDIA GeForce RTX 2060' (P:1 D:1)
[2021.03.18-08.57.52:629][  0]LogWindows:    1. 'NVIDIA GeForce RTX 2060' (P:0 D:1)
[2021.03.18-08.57.52:629][  0]LogWindows:    2. 'NVIDIA GeForce RTX 2060' (P:0 D:0)
[2021.03.18-08.57.52:629][  0]LogWindows:    3. 'NVIDIA GeForce RTX 2060' (P:0 D:0)
[2021.03.18-08.57.52:629][  0]LogWindows: DebugString: FoundDriverCount:4 
[2021.03.18-08.57.52:629][  0]LogD3D11RHI:     Adapter Name: NVIDIA GeForce RTX 2060
[2021.03.18-08.57.52:629][  0]LogD3D11RHI:   Driver Version: 457.51 (internal:27.21.14.5751, unified:457.51)
[2021.03.18-08.57.52:630][  0]LogD3D11RHI:      Driver Date: 11-22-2020
[2021.03.18-08.57.52:630][  0]LogRHI: Texture pool is 4176 MB (70% of 5967 MB)
[2021.03.18-08.57.52:686][  0]LogD3D11RHI: RHI has support for 64 bit atomics
[2021.03.18-08.57.52:686][  0]LogD3D11RHI: Async texture creation enabled
[2021.03.18-08.57.52:686][  0]LogD3D11RHI: Array index from any shader is supported
[2021.03.18-08.57.52:707][  0]LogD3D11RHI: GPU Timing Frequency: 1000.000000 (Debug: 2 2)
[2021.03.18-08.57.53:003][  0]LogTargetPlatformManager: Display: Loaded TargetPlatform 'AllDesktop'
[2021.03.18-08.57.53:022][  0]LogTargetPlatformManager: Display: Loaded TargetPlatform 'Android'
[2021.03.18-08.57.53:022][  0]LogTargetPlatformManager: Display: Loaded TargetPlatform 'Android_ASTC'
[2021.03.18-08.57.53:022][  0]LogTargetPlatformManager: Display: Loaded TargetPlatform 'Android_DXT'
[2021.03.18-08.57.53:022][  0]LogTargetPlatformManager: Display: Loaded TargetPlatform 'Android_ETC2'
[2021.03.18-08.57.53:022][  0]LogTargetPlatformManager: Display: Loaded TargetPlatform 'AndroidClient'
[2021.03.18-08.57.53:022][  0]LogTargetPlatformManager: Display: Loaded TargetPlatform 'Android_ASTCClient'
[2021.03.18-08.57.53:022][  0]LogTargetPlatformManager: Display: Loaded TargetPlatform 'Android_DXTClient'
[2021.03.18-08.57.53:022][  0]LogTargetPlatformManager: Display: Loaded TargetPlatform 'Android_ETC2Client'
[2021.03.18-08.57.53:022][  0]LogTargetPlatformManager: Display: Loaded TargetPlatform 'Android_Multi'
[2021.03.18-08.57.53:022][  0]LogTargetPlatformManager: Display: Loaded TargetPlatform 'Android_MultiClient'
[2021.03.18-08.57.53:042][  0]LogTargetPlatformManager: Display: Loaded TargetPlatform 'IOSClient'
[2021.03.18-08.57.53:042][  0]LogTargetPlatformManager: Display: Loaded TargetPlatform 'IOS'
[2021.03.18-08.57.53:051][  0]LogTargetPlatformManager: Display: Loaded TargetPlatform 'Linux'
[2021.03.18-08.57.53:060][  0]LogTargetPlatformManager: Display: Loaded TargetPlatform 'LinuxNoEditor'
[2021.03.18-08.57.53:068][  0]LogTargetPlatformManager: Display: Loaded TargetPlatform 'LinuxClient'
[2021.03.18-08.57.53:076][  0]LogTargetPlatformManager: Display: Loaded TargetPlatform 'LinuxServer'
[2021.03.18-08.57.53:084][  0]LogTargetPlatformManager: Display: Loaded TargetPlatform 'LinuxAArch64NoEditor'
[2021.03.18-08.57.53:092][  0]LogTargetPlatformManager: Display: Loaded TargetPlatform 'LinuxAArch64Client'
[2021.03.18-08.57.53:100][  0]LogTargetPlatformManager: Display: Loaded TargetPlatform 'LinuxAArch64Server'
[2021.03.18-08.57.53:122][  0]LogTargetPlatformManager: Display: Loaded TargetPlatform 'Lumin'
[2021.03.18-08.57.53:122][  0]LogTargetPlatformManager: Display: Loaded TargetPlatform 'LuminClient'
[2021.03.18-08.57.53:136][  0]LogTargetPlatformManager: Display: Loaded TargetPlatform 'TVOSClient'
[2021.03.18-08.57.53:136][  0]LogTargetPlatformManager: Display: Loaded TargetPlatform 'TVOS'
[2021.03.18-08.57.53:143][  0]LogTargetPlatformManager: Display: Loaded TargetPlatform 'WindowsNoEditor'
[2021.03.18-08.57.53:151][  0]LogTargetPlatformManager: Display: Loaded TargetPlatform 'Windows'
[2021.03.18-08.57.53:159][  0]LogTargetPlatformManager: Display: Loaded TargetPlatform 'WindowsClient'
[2021.03.18-08.57.53:167][  0]LogTargetPlatformManager: Display: Loaded TargetPlatform 'WindowsServer'
[2021.03.18-08.57.53:167][  0]LogTargetPlatformManager: Display: Building Assets For Windows
[2021.03.18-08.57.53:175][  0]LogAudioDebug: Display: Lib vorbis DLL was dynamically loaded.
[2021.03.18-08.57.53:226][  0]LogShaderCompilers: Guid format shader working directory is -30 characters bigger than the processId version (C:/Users/Nadia/Documents/GitHub/Kilncroft-Lane/Unreal Project/KilncroftLane/Intermediate/Shaders/WorkingDirectory/11908/).
[2021.03.18-08.57.53:227][  0]LogShaderCompilers: Cleaned the shader compiler working directory 'C:/Users/Nadia/AppData/Local/Temp/UnrealShaderWorkingDir/6861B6F14E69178540CCC799EFF97A92/'.
[2021.03.18-08.57.53:227][  0]LogXGEController: Cannot use XGE Controller as Incredibuild is not installed on this machine.
[2021.03.18-08.57.53:227][  0]LogShaderCompilers: Cannot use XGE Shader Compiler as Incredibuild is not installed on this machine.
[2021.03.18-08.57.53:227][  0]LogShaderCompilers: Display: Using Local Shader Compiler.
[2021.03.18-08.57.53:895][  0]LogDerivedDataCache: Display: Max Cache Size: 512 MB
[2021.03.18-08.57.53:961][  0]LogDerivedDataCache: Loaded boot cache 0.07s 95MB C:/Users/Nadia/AppData/Local/UnrealEngine/4.25/DerivedDataCache/Boot.ddc.
[2021.03.18-08.57.53:961][  0]LogDerivedDataCache: Display: Loaded Boot cache: C:/Users/Nadia/AppData/Local/UnrealEngine/4.25/DerivedDataCache/Boot.ddc
[2021.03.18-08.57.53:961][  0]LogDerivedDataCache: FDerivedDataBackendGraph:  Pak pak cache file C:/Users/Nadia/Documents/GitHub/Kilncroft-Lane/Unreal Project/KilncroftLane/DerivedDataCache/DDC.ddp not found, will not use a pak cache.
[2021.03.18-08.57.53:961][  0]LogDerivedDataCache: Unable to find inner node Pak for hierarchical cache Hierarchy.
[2021.03.18-08.57.53:961][  0]LogDerivedDataCache: FDerivedDataBackendGraph:  CompressedPak pak cache file C:/Users/Nadia/Documents/GitHub/Kilncroft-Lane/Unreal Project/KilncroftLane/DerivedDataCache/Compressed.ddp not found, will not use a pak cache.
[2021.03.18-08.57.53:961][  0]LogDerivedDataCache: Unable to find inner node CompressedPak for hierarchical cache Hierarchy.
[2021.03.18-08.57.53:970][  0]LogDerivedDataCache: Display: Pak cache opened for reading ../../../Engine/DerivedDataCache/Compressed.ddp.
[2021.03.18-08.57.53:970][  0]LogDerivedDataCache: FDerivedDataBackendGraph:  EnterprisePak pak cache file ../../../Enterprise/DerivedDataCache/Compressed.ddp not found, will not use a pak cache.
[2021.03.18-08.57.53:970][  0]LogDerivedDataCache: Unable to find inner node EnterprisePak for hierarchical cache Hierarchy.
[2021.03.18-08.57.53:971][  0]LogDerivedDataCache: Using Local data cache path C:/Users/Nadia/AppData/Local/UnrealEngine/Common/DerivedDataCache: Writable
[2021.03.18-08.57.53:971][  0]LogDerivedDataCache: Shared data cache path not found in *engine.ini, will not use an Shared cache.
[2021.03.18-08.57.53:971][  0]LogDerivedDataCache: Unable to find inner node Shared for hierarchical cache Hierarchy.
[2021.03.18-08.57.54:014][  0]LogSlate: Using FreeType 2.10.0
[2021.03.18-08.57.54:014][  0]LogSlate: SlateFontServices - WITH_FREETYPE: 1, WITH_HARFBUZZ: 1
[2021.03.18-08.57.54:037][  0]LogAssetRegistry: FAssetRegistry took 0.0021 seconds to start up
[2021.03.18-08.57.54:220][  0]LogInit: Selected Device Profile: [Windows]
[2021.03.18-08.57.54:316][  0]LogMeshReduction: Using QuadricMeshReduction for automatic static mesh reduction
[2021.03.18-08.57.54:316][  0]LogMeshReduction: Using SimplygonMeshReduction for automatic skeletal mesh reduction
[2021.03.18-08.57.54:316][  0]LogMeshReduction: Using ProxyLODMeshReduction for automatic mesh merging
[2021.03.18-08.57.54:316][  0]LogMeshReduction: No distributed automatic mesh merging module available
[2021.03.18-08.57.54:316][  0]LogMeshMerging: No distributed automatic mesh merging module available
[2021.03.18-08.57.54:329][  0]LogNetVersion: KilncroftLane 1.0.0, NetCL: 13144385, EngineNetVer: 14, GameNetVer: 0 (Checksum: 2375302961)
[2021.03.18-08.57.59:572][  0]LogAISub: UAISubsystem::UAISubsystem AISubsystem (00000232093069C0), frame # 0
[2021.03.18-08.57.59:572][  0]LogAISub: UAISubsystem::UAISubsystem AIPerceptionSystem (0000023209156AC0), frame # 0
[2021.03.18-08.57.59:629][  0]LogAISub: UAISubsystem::UAISubsystem EnvQueryManager (000002320915F600), frame # 0
[2021.03.18-08.58.00:257][  0]LogAssetRegistry: Error: Failed to open file for write C:/Users/Nadia/Documents/GitHub/Kilncroft-Lane/Unreal Project/KilncroftLane/Intermediate/AssetRegistryCache/866581fd.bin
[2021.03.18-08.58.00:261][  0]LogAssetRegistry: Error: Failed to open file for write C:/Users/Nadia/Documents/GitHub/Kilncroft-Lane/Unreal Project/KilncroftLane/Intermediate/AssetRegistryCache/6bead350.bin
[2021.03.18-08.58.00:265][  0]LogAssetRegistry: Error: Failed to open file for write C:/Users/Nadia/Documents/GitHub/Kilncroft-Lane/Unreal Project/KilncroftLane/Intermediate/AssetRegistryCache/50a675f9.bin
[2021.03.18-08.58.00:269][  0]LogAssetRegistry: Error: Failed to open file for write C:/Users/Nadia/Documents/GitHub/Kilncroft-Lane/Unreal Project/KilncroftLane/Intermediate/AssetRegistryCache/a02d411d.bin
[2021.03.18-08.58.00:273][  0]LogAssetRegistry: Error: Failed to open file for write C:/Users/Nadia/Documents/GitHub/Kilncroft-Lane/Unreal Project/KilncroftLane/Intermediate/AssetRegistryCache/7b241018.bin
[2021.03.18-08.58.00:276][  0]LogAssetRegistry: Error: Failed to open file for write C:/Users/Nadia/Documents/GitHub/Kilncroft-Lane/Unreal Project/KilncroftLane/Intermediate/AssetRegistryCache/d859983c.bin
[2021.03.18-08.58.00:280][  0]LogAssetRegistry: Error: Failed to open file for write C:/Users/Nadia/Documents/GitHub/Kilncroft-Lane/Unreal Project/KilncroftLane/Intermediate/AssetRegistryCache/58fb7916.bin
[2021.03.18-08.58.00:284][  0]LogAssetRegistry: Error: Failed to open file for write C:/Users/Nadia/Documents/GitHub/Kilncroft-Lane/Unreal Project/KilncroftLane/Intermediate/AssetRegistryCache/c788b007.bin
[2021.03.18-08.58.00:288][  0]LogAssetRegistry: Error: Failed to open file for write C:/Users/Nadia/Documents/GitHub/Kilncroft-Lane/Unreal Project/KilncroftLane/Intermediate/AssetRegistryCache/d63b3057.bin
[2021.03.18-08.58.00:292][  0]LogPackageLocalizationCache: Processed 19 localized package path(s) for 1 prioritized culture(s) in 0.073281 seconds
[2021.03.18-08.58.00:320][  0]LogUObjectArray: 15917 objects as part of root set at end of initial load.
[2021.03.18-08.58.00:320][  0]LogUObjectAllocator: 3965568 out of 0 bytes used by permanent object pool.
[2021.03.18-08.58.00:320][  0]LogUObjectArray: CloseDisregardForGC: 0/0 objects in disregard for GC pool
[2021.03.18-08.58.06:787][  0]LogTcpMessaging: Initializing TcpMessaging bridge
[2021.03.18-08.58.06:841][  0]LogUdpMessaging: Initializing bridge on interface 0.0.0.0:0 to multicast group 230.0.0.1:6666.
[2021.03.18-08.58.07:411][  0]LogLinker: Warning: Failed to load '/Game/GunsPack/z_Character/ThirdPersonBP/ThirdPersonOverview': Can't find file.
[2021.03.18-08.58.07:422][  0]LogLinker: Warning: Failed to load '/Game/GunsPack/z_Character/ThirdPersonBP/ThirdPersonOverview': Can't find file.
[2021.03.18-08.58.07:422][  0]LogUObjectGlobals: Warning: Failed to find object 'Class /Game/GunsPack/z_Character/ThirdPersonBP/ThirdPersonOverview.ThirdPersonOverview_C'
[2021.03.18-08.58.07:929][  0]SourceControl: Source control is disabled
[2021.03.18-08.58.07:929][  0]SourceControl: Source control is disabled
[2021.03.18-08.58.08:155][  0]SourceControl: Source control is disabled
[2021.03.18-08.58.08:281][  0]SourceControl: Source control is disabled
[2021.03.18-08.58.08:349][  0]SourceControl: Source control is disabled
[2021.03.18-08.58.08:607][  0]LogConfig: Warning: Failed to saved backup for config[C:/Users/Nadia/Documents/GitHub/Kilncroft-Lane/Unreal Project/KilncroftLane/Intermediate/Config/CoalescedSourceConfigs/Crypto.ini]
[2021.03.18-08.58.12:183][  0]LogAndroidPermission: UAndroidPermissionCallbackProxy::GetInstance
[2021.03.18-08.58.12:336][  0]LogAudioCaptureCore: Display: No Audio Capture implementations found. Audio input will be silent.
[2021.03.18-08.58.12:336][  0]LogAudioCaptureCore: Display: No Audio Capture implementations found. Audio input will be silent.
[2021.03.18-08.58.12:884][  0]LogOcInput: OculusInput pre-init called
[2021.03.18-08.58.12:978][  0]LogWindows: Failed to load 'OVRPlugin.dll' (GetLastError=126)
[2021.03.18-08.58.12:978][  0]LogWindows: File 'OVRPlugin.dll' does not exist
[2021.03.18-08.58.14:364][  0]LogEngine: Initializing Engine...
[2021.03.18-08.58.14:386][  0]LogHMD: Failed to initialize OpenVR with code 110
[2021.03.18-08.58.14:387][  0]LogMagicLeap: Warning: VR disabled because ZI is not enabled.  To enable, in the editor, Edit -> Project Settings -> Plugins -> Magic Leap Plugin -> Enable Zero Iteration
[2021.03.18-08.58.14:419][  0]LogStats: UGameplayTagsManager::InitializeManager -  0.013 s
[2021.03.18-08.58.14:900][  0]LogInit: Initializing FReadOnlyCVARCache
[2021.03.18-08.58.15:484][  0]LogAIModule: Creating AISystem for world Untitled
[2021.03.18-08.58.15:484][  0]LogAISub: UAISubsystem::UAISubsystem EnvQueryManager (000002320DD4CA00), frame # 0
[2021.03.18-08.58.15:484][  0]LogAISub: UAISubsystem::UAISubsystem AIPerceptionSystem (000002320ECE3B00), frame # 0
[2021.03.18-08.58.15:635][  0]LogAudioMixer: Display: Audio Mixer Platform Settings:
[2021.03.18-08.58.15:635][  0]LogAudioMixer: Display: 	Sample Rate:						  48000
[2021.03.18-08.58.15:635][  0]LogAudioMixer: Display: 	Callback Buffer Frame Size Requested: 1024
[2021.03.18-08.58.15:635][  0]LogAudioMixer: Display: 	Callback Buffer Frame Size To Use:	  1024
[2021.03.18-08.58.15:635][  0]LogAudioMixer: Display: 	Number of buffers to queue:			  2
[2021.03.18-08.58.15:635][  0]LogAudioMixer: Display: 	Max Channels (voices):				  32
[2021.03.18-08.58.15:635][  0]LogAudioMixer: Display: 	Number of Async Source Workers:		  0
[2021.03.18-08.58.15:635][  0]LogAudio: Display: AudioDevice MaxSources: 32
[2021.03.18-08.58.15:656][  0]LogAudio: Display: Using built-in audio occlusion.
[2021.03.18-08.58.15:656][  0]LogAudioMixer: Display: Initializing audio mixer.
[2021.03.18-08.58.15:867][  0]LogAudioMixer: Display: 0: FrontLeft
[2021.03.18-08.58.15:867][  0]LogAudioMixer: Display: 1: FrontRight
[2021.03.18-08.58.15:920][  0]LogAudioMixer: Display: Using Audio Device Speakers (Realtek(R) Audio)
[2021.03.18-08.58.15:926][  0]LogAudioMixer: Display: Initializing Sound Submixes...
[2021.03.18-08.58.15:928][  0]LogAudioMixer: Display: Creating Master Submix 'MasterSubmixDefault'
[2021.03.18-08.58.15:929][  0]LogAudioMixer: Display: Creating Master Submix 'MasterReverbSubmixDefault'
[2021.03.18-08.58.15:938][  0]LogAudioMixer: Display: Creating Master Submix 'MasterEQSubmixDefault'
[2021.03.18-08.58.15:939][  0]LogInit: FAudioDevice initialized.
[2021.03.18-08.58.15:952][  0]LogNetVersion: Set ProjectVersion to 1.0.0.0. Version Checksum will be recalculated on next use.
[2021.03.18-08.58.16:032][  0]LogDerivedDataCache: Saved boot cache 0.08s 95MB C:/Users/Nadia/AppData/Local/UnrealEngine/4.25/DerivedDataCache/Boot.ddc.
[2021.03.18-08.58.16:040][  0]LogInit: Texture streaming: Enabled
[2021.03.18-08.58.16:190][  0]LogEngineSessionManager: EngineSessionManager initialized
[2021.03.18-08.58.16:190][  0]LogEditorSessionSummary: Verbose: Initializing EditorSessionSummaryWriter for editor session tracking
[2021.03.18-08.58.16:592][  0]LogInit: Transaction tracking system initialized
[2021.03.18-08.58.17:035][  0]BlueprintLog: New page: Editor Load
[2021.03.18-08.58.18:722][  0]LogAssetRegistry: Error: Failed to open file for write C:/Users/Nadia/Documents/GitHub/Kilncroft-Lane/Unreal Project/KilncroftLane/Intermediate/CachedAssetRegistry.bin
[2021.03.18-08.58.18:722][  0]LocalizationService: Localization service is disabled
[2021.03.18-08.58.21:462][  0]LogFileCache: Scanning file cache for directory 'C:/Users/Nadia/Documents/GitHub/Kilncroft-Lane/Unreal Project/KilncroftLane/Content/' took 0.02s
[2021.03.18-08.58.21:462][  0]LogCook: Display: Max memory allowance for cook 16384mb min free memory 0mb
[2021.03.18-08.58.21:466][  0]LogCook: Display: Mobile HDR setting 1
[2021.03.18-08.58.27:337][  0]SourceControl: Source control is disabled
[2021.03.18-08.58.27:367][  0]LogUnrealEdMisc: Loading editor; pre map load, took 36.875
[2021.03.18-08.58.27:411][  0]Cmd: MAP LOAD FILE="C:/Users/Nadia/Documents/GitHub/Kilncroft-Lane/Unreal Project/KilncroftLane/Content/Maps/QuestQSMap.umap" TEMPLATE=0 SHOWPROGRESS=1 FEATURELEVEL=3
[2021.03.18-08.58.27:430][  0]LightingResults: New page: Lighting Build
[2021.03.18-08.58.27:491][  0]LogWorld: UWorld::CleanupWorld for Untitled, bSessionEnded=true, bCleanupResources=true
[2021.03.18-08.58.27:529][  0]LogSlate: InvalidateAllWidgets triggered.  All widgets were invalidated
[2021.03.18-08.58.27:555][  0]MapCheck: New page: Map Check
[2021.03.18-08.58.27:555][  0]LightingResults: New page: Lighting Build
[2021.03.18-08.58.27:828][  0]LogAISub: UAISubsystem::~UAISubsystem EnvQueryManager (000002320DD4CA00), frame # 0
[2021.03.18-08.58.27:828][  0]LogAISub: UAISubsystem::~UAISubsystem AIPerceptionSystem (000002320ECE3B00), frame # 0
[2021.03.18-08.58.27:840][  0]LogUObjectHash: Compacting FUObjectHashTables data took   0.65ms
[2021.03.18-08.58.29:099][  0]LogAIModule: Creating AISystem for world QuestQSMap
[2021.03.18-08.58.29:099][  0]LogAISub: UAISubsystem::UAISubsystem EnvQueryManager (00000232026D4A00), frame # 0
[2021.03.18-08.58.29:099][  0]LogAISub: UAISubsystem::UAISubsystem AIPerceptionSystem (0000023202113600), frame # 0
[2021.03.18-08.58.29:400][  0]LogEditorServer: Finished looking for orphan Actors (0.000 secs)
[2021.03.18-08.58.29:558][  0]LogUObjectHash: Compacting FUObjectHashTables data took   0.74ms
[2021.03.18-08.58.29:559][  0]Cmd: MAP CHECKDEP NOCLEARLOG
[2021.03.18-08.58.29:560][  0]MapCheck: Map check complete: 0 Error(s), 0 Warning(s), took 1.33ms to complete.
[2021.03.18-08.58.29:560][  0]LogFileHelpers: Loading map 'QuestQSMap' took 2.169
[2021.03.18-08.58.30:654][  0]LogUnrealEdMisc: Total Editor Startup Time, took 40.162
[2021.03.18-08.58.31:387][  0]LogSlate: Updating window title bar state: overlay mode, drag disabled, window buttons hidden, title bar hidden
[2021.03.18-08.58.31:395][  0]LogSlate: Updating window title bar state: overlay mode, drag disabled, window buttons hidden, title bar hidden
[2021.03.18-08.58.31:401][  0]LogSlate: Updating window title bar state: overlay mode, drag disabled, window buttons hidden, title bar hidden
[2021.03.18-08.58.31:407][  0]LogSlate: Updating window title bar state: overlay mode, drag disabled, window buttons hidden, title bar hidden
[2021.03.18-08.58.31:491][  0]LogCollectionManager: Loaded 0 collections in 0.001141 seconds
[2021.03.18-08.58.31:620][  0]LogFileCache: Scanning file cache for directory 'C:/Users/Nadia/Documents/GitHub/Kilncroft-Lane/Unreal Project/KilncroftLane/Saved/Collections/' took 0.00s
[2021.03.18-08.58.31:620][  0]LogFileCache: Scanning file cache for directory 'C:/Users/Nadia/Documents/GitHub/Kilncroft-Lane/Unreal Project/KilncroftLane/Content/Developers/Nadia/Collections/' took 0.00s
[2021.03.18-08.58.31:620][  0]LogFileCache: Scanning file cache for directory 'C:/Users/Nadia/Documents/GitHub/Kilncroft-Lane/Unreal Project/KilncroftLane/Content/Collections/' took 0.00s
[2021.03.18-08.58.31:620][  0]LogContentBrowser: Native class hierarchy populated in 0.0080 seconds. Added 3427 classes and 821 folders.
[2021.03.18-08.58.31:728][  0]LogContentBrowser: Native class hierarchy updated for 'WidgetCarousel' in 0.0003 seconds. Added 0 classes and 0 folders.
[2021.03.18-08.58.33:060][  0]LogContentBrowser: Native class hierarchy updated for 'AddContentDialog' in 0.0003 seconds. Added 0 classes and 0 folders.
[2021.03.18-08.58.33:106][  0]LogContentBrowser: Native class hierarchy updated for 'SceneOutliner' in 0.0003 seconds. Added 2 classes and 0 folders.
[2021.03.18-08.58.33:637][  0]LogSlate: Took 0.014386 seconds to synchronously load lazily loaded font '../../../Engine/Content/Slate/Fonts/Roboto-Regular.ttf' (155K)
[2021.03.18-08.58.33:691][  0]LogSlate: Took 0.034909 seconds to synchronously load lazily loaded font '../../../Engine/Content/Slate/Fonts/Roboto-Bold.ttf' (160K)
[2021.03.18-08.58.33:755][  0]LogSlate: Took 0.022982 seconds to synchronously load lazily loaded font '../../../Engine/Content/Editor/Slate/Fonts/FontAwesome.ttf' (139K)
[2021.03.18-08.58.34:349][  0]LogRenderer: Reallocating scene render targets to support 1208x572 Format 26 NumSamples 1 (Frame:1).
[2021.03.18-08.58.35:205][  0]LogContentBrowser: Native class hierarchy updated for 'HierarchicalLODOutliner' in 0.0005 seconds. Added 0 classes and 0 folders.
[2021.03.18-08.58.35:206][  0]LogLoad: (Engine Initialization) Total time: 44.71 seconds
[2021.03.18-08.58.35:206][  0]LogLoad: (Engine Initialization) Total Blueprint compile time: 0.00 seconds
[2021.03.18-08.58.35:336][  0]LogEditorSessionSummary: Verbose: Initializing EditorSessionSummaryWriter for editor session tracking
[2021.03.18-08.58.35:562][  0]LogAssetRegistry: Asset discovery search completed in 41.5258 seconds
[2021.03.18-08.58.35:621][  0]LogCollectionManager: Fixed up redirectors for 0 collections in 0.010743 seconds (updated 0 objects)
[2021.03.18-08.58.35:746][  0]LogContentStreaming: Texture pool size now 1000 MB
[2021.03.18-08.58.36:067][  0]LogSlate: Took 0.038691 seconds to synchronously load lazily loaded font '../../../Engine/Content/Slate/Fonts/Roboto-Light.ttf' (167K)
[2021.03.18-08.58.36:275][  1]LogEditorSessionSummary: Verbose: Initializing EditorSessionSummaryWriter for editor session tracking
[2021.03.18-08.58.36:277][  1]LogEditorSessionSummary: EditorSessionSummaryWriter initialized
[2021.03.18-08.58.50:808][288]LogSlate: Took 0.000162 seconds to synchronously load lazily loaded font '../../../Engine/Content/Slate/Fonts/Roboto-Light.ttf' (167K)
[2021.03.18-08.58.51:353][288]LogMaterial: Display: Missing cached shader map for material lambert39, compiling. 
[2021.03.18-08.58.51:902][288]LogTexture: Display: Building textures: PillowTexture_V3 (AutoDXT, 2048X2048)
[2021.03.18-08.58.51:902][288]LogTexture: Display: Building textures: BedBack (AutoDXT, 1000X1000)
[2021.03.18-08.58.51:902][288]LogTexture: Display: Building textures: Blue_wall_paper_norm (BC5, 1600X1440)
[2021.03.18-08.58.51:902][288]LogMaterial: Display: Missing cached shader map for material lambert38, compiling. 
[2021.03.18-08.58.51:940][288]LogShaderCompilers: Display: Worker (1/3): shaders left to compile 15
[2021.03.18-08.58.51:940][288]LogShaderCompilers: Display: Worker (2/3): shaders left to compile 7
[2021.03.18-08.58.51:940][288]LogMaterial: Display: Missing cached shader map for material lambert23, compiling. 
[2021.03.18-08.58.51:963][288]LogStaticMesh: Building static mesh kitchen_window_complete_grouped_two_parts_whole_kit_window_complete...
[2021.03.18-08.58.52:187][288]LogTexture: Display: Building textures: BedSheet (AutoDXT, 4096X4096)
[2021.03.18-08.58.52:187][288]LogStaticMesh: Built static mesh [0.24s] /Game/Models/kitchen_window_complete_grouped_two_parts_whole_kit_window_complete.kitchen_window_complete_grouped_two_parts_whole_kit_window_complete
[2021.03.18-08.58.52:296][288]LogMaterial: Display: Missing cached shader map for material lambert40, compiling. 
[2021.03.18-08.58.52:303][288]LogStaticMesh: Building static mesh kitchen_window_backwall...
[2021.03.18-08.58.52:305][288]LogStaticMesh: Built static mesh [0.00s] /Game/Models/kitchen_window_backwall.kitchen_window_backwall
[2021.03.18-08.58.52:305][288]LogStaticMesh: Building static mesh Kit_wall_right_left...
[2021.03.18-08.58.52:306][288]LogStaticMesh: Built static mesh [0.00s] /Game/Models/Kit_wall_right_left.Kit_wall_right_left
[2021.03.18-08.58.59:673][288]LogTexture: Display: Building textures: BedLeg (AutoDXT, 2048X2048)
[2021.03.18-08.58.59:673][288]LogTexture: Display: Building textures: Blanket (AutoDXT, 2048X2048)
[2021.03.18-08.58.59:673][288]LogTexture: Display: Building textures: Blue_wall_paper (AutoDXT, 1600X1440)
[2021.03.18-08.58.59:673][288]LogMaterial: Display: Missing cached shader map for material lambert42, compiling. 
[2021.03.18-08.58.59:685][288]LogMaterial: Display: Missing cached shader map for material lambert41, compiling. 
[2021.03.18-08.58.59:692][288]LogMaterial: Display: Missing cached shader map for material lambert40, compiling. 
[2021.03.18-08.58.59:704][288]LogMaterial: Display: Missing cached shader map for material lambert4, compiling. 
[2021.03.18-08.58.59:711][288]LogStaticMesh: Building static mesh Bed_V2...
[2021.03.18-08.59.00:232][288]LogStaticMesh: Built static mesh [0.52s] /Game/Models/Bed_V2.Bed_V2
[2021.03.18-08.59.00:337][288]LogMaterial: Display: Missing cached shader map for material lambert47, compiling. 
[2021.03.18-08.59.00:345][288]LogStaticMesh: Building static mesh back_door_wall...
[2021.03.18-08.59.00:346][288]LogStaticMesh: Built static mesh [0.00s] /Game/Models/backwall_kitchen_door_structures/back_door_wall.back_door_wall
[2021.03.18-08.59.00:349][288]LogMaterial: Display: Missing cached shader map for material lambert39, compiling. 
[2021.03.18-08.59.00:356][288]LogMaterial: Display: Missing cached shader map for material lambert3, compiling. 
[2021.03.18-08.59.00:363][288]LogMaterial: Display: Missing cached shader map for material Wallpaper, compiling. 
[2021.03.18-08.59.00:469][288]LogAssetEditorSubsystem: Opening Asset editor for World /Game/Maps/House.House
[2021.03.18-08.59.00:524][288]LogUObjectHash: Compacting FUObjectHashTables data took   0.54ms
[2021.03.18-08.59.00:547][288]Cmd: MAP LOAD FILE="C:/Users/Nadia/Documents/GitHub/Kilncroft-Lane/Unreal Project/KilncroftLane/Content/Maps/House.umap" TEMPLATE=0 SHOWPROGRESS=1 FEATURELEVEL=3
[2021.03.18-08.59.00:547][288]LightingResults: New page: Lighting Build
[2021.03.18-08.59.00:568][288]LoadErrors: New page: Loading map: House.umap
[2021.03.18-08.59.00:651][288]LogWorld: UWorld::CleanupWorld for QuestQSMap, bSessionEnded=true, bCleanupResources=true
[2021.03.18-08.59.00:653][288]LogSlate: InvalidateAllWidgets triggered.  All widgets were invalidated
[2021.03.18-08.59.00:653][288]MapCheck: New page: Map Check
[2021.03.18-08.59.00:653][288]LightingResults: New page: Lighting Build
[2021.03.18-08.59.00:821][288]LogAISub: UAISubsystem::~UAISubsystem EnvQueryManager (00000232026D4A00), frame # 1288
[2021.03.18-08.59.00:821][288]LogAISub: UAISubsystem::~UAISubsystem AIPerceptionSystem (0000023202113600), frame # 1288
[2021.03.18-08.59.00:821][288]LogUObjectHash: Compacting FUObjectHashTables data took   0.54ms
[2021.03.18-08.59.00:883][288]LogEditorServer: Finished looking for orphan Actors (0.000 secs)
[2021.03.18-08.59.00:883][288]LogAIModule: Creating AISystem for world House
[2021.03.18-08.59.00:883][288]LogAISub: UAISubsystem::UAISubsystem EnvQueryManager (000002320211C800), frame # 1288
[2021.03.18-08.59.00:883][288]LogAISub: UAISubsystem::UAISubsystem AIPerceptionSystem (0000023202113240), frame # 1288
[2021.03.18-08.59.00:901][288]LogUObjectHash: Compacting FUObjectHashTables data took   0.48ms
[2021.03.18-08.59.00:932][288]Cmd: MAP CHECKDEP NOCLEARLOG
[2021.03.18-08.59.00:932][288]MapCheck: Map check complete: 0 Error(s), 0 Warning(s), took 0.126ms to complete.
[2021.03.18-08.59.00:932][288]LogFileHelpers: Loading map 'House' took 0.386
[2021.03.18-08.59.03:433][440]LogShaderCompilers: Display: Worker (2/3): shaders left to compile 165
[2021.03.18-08.59.04:111][511]LogShaderCompilers: Display: Worker (1/3): shaders left to compile 155
[2021.03.18-08.59.06:533][634]LogShaderCompilers: Display: Worker (2/3): shaders left to compile 145
[2021.03.18-08.59.06:560][636]LogShaderCompilers: Display: Worker (1/3): shaders left to compile 135
[2021.03.18-08.59.09:300][915]LogShaderCompilers: Display: Worker (2/3): shaders left to compile 125
[2021.03.18-08.59.09:784][956]LogShaderCompilers: Display: Worker (1/3): shaders left to compile 115
[2021.03.18-08.59.13:278][247]LogShaderCompilers: Display: Worker (2/3): shaders left to compile 105
[2021.03.18-08.59.13:924][258]LogShaderCompilers: Display: Worker (1/3): shaders left to compile 95
[2021.03.18-08.59.16:283][541]LogShaderCompilers: Display: Worker (2/3): shaders left to compile 85
[2021.03.18-08.59.16:452][561]LogShaderCompilers: Display: Worker (1/3): shaders left to compile 75
[2021.03.18-08.59.19:012][727]LogShaderCompilers: Display: Worker (2/3): shaders left to compile 65
[2021.03.18-08.59.19:680][798]LogShaderCompilers: Display: Worker (1/3): shaders left to compile 55
[2021.03.18-08.59.21:874][984]LogShaderCompilers: Display: Worker (2/3): shaders left to compile 45
[2021.03.18-08.59.22:847][ 98]LogShaderCompilers: Display: Worker (1/3): shaders left to compile 35
[2021.03.18-08.59.25:131][349]LogShaderCompilers: Display: Worker (2/3): shaders left to compile 25
[2021.03.18-08.59.25:406][382]LogShaderCompilers: Display: Worker (1/3): shaders left to compile 15
[2021.03.18-08.59.27:912][586]LogShaderCompilers: Display: Worker (2/3): shaders left to compile 7
[2021.03.18-08.59.27:939][589]LogShaderCompilers: Display: Worker (1/3): shaders left to compile 3
[2021.03.18-08.59.28:321][633]LogShaderCompilers: Display: Worker (1/3): shaders left to compile 1
[2021.03.18-08.59.35:685][476]LogAssetEditorSubsystem: Opening Asset editor for World /Game/Maps/QuestQSMap.QuestQSMap
[2021.03.18-08.59.35:693][476]LogUObjectHash: Compacting FUObjectHashTables data took   0.48ms
[2021.03.18-08.59.35:695][476]Cmd: MAP LOAD FILE="C:/Users/Nadia/Documents/GitHub/Kilncroft-Lane/Unreal Project/KilncroftLane/Content/Maps/QuestQSMap.umap" TEMPLATE=0 SHOWPROGRESS=1 FEATURELEVEL=3
[2021.03.18-08.59.35:695][476]LightingResults: New page: Lighting Build
[2021.03.18-08.59.35:695][476]LoadErrors: New page: Loading map: QuestQSMap.umap
[2021.03.18-08.59.35:696][476]LogWorld: UWorld::CleanupWorld for House, bSessionEnded=true, bCleanupResources=true
[2021.03.18-08.59.35:696][476]LogSlate: InvalidateAllWidgets triggered.  All widgets were invalidated
[2021.03.18-08.59.35:696][476]MapCheck: New page: Map Check
[2021.03.18-08.59.35:696][476]LightingResults: New page: Lighting Build
[2021.03.18-08.59.35:736][476]LogAISub: UAISubsystem::~UAISubsystem AIPerceptionSystem (0000023202113240), frame # 4476
[2021.03.18-08.59.35:736][476]LogAISub: UAISubsystem::~UAISubsystem EnvQueryManager (000002320211C800), frame # 4476
[2021.03.18-08.59.35:737][476]LogUObjectHash: Compacting FUObjectHashTables data took   0.55ms
[2021.03.18-08.59.35:740][476]LogEditorServer: Finished looking for orphan Actors (0.000 secs)
[2021.03.18-08.59.35:740][476]LogAIModule: Creating AISystem for world QuestQSMap
[2021.03.18-08.59.35:740][476]LogAISub: UAISubsystem::UAISubsystem EnvQueryManager (000002321321E200), frame # 4476
[2021.03.18-08.59.35:740][476]LogAISub: UAISubsystem::UAISubsystem AIPerceptionSystem (0000023233750680), frame # 4476
[2021.03.18-08.59.35:750][476]LogUObjectHash: Compacting FUObjectHashTables data took   0.49ms
[2021.03.18-08.59.35:772][476]Cmd: MAP CHECKDEP NOCLEARLOG
[2021.03.18-08.59.35:772][476]MapCheck: Map check complete: 0 Error(s), 0 Warning(s), took 0.1ms to complete.
[2021.03.18-08.59.35:772][476]LogFileHelpers: Loading map 'QuestQSMap' took 0.077
[2021.03.18-08.59.58:279][818]LogAssetEditorSubsystem: Opening Asset editor for World /Game/Maps/House.House
[2021.03.18-08.59.58:290][818]LogUObjectHash: Compacting FUObjectHashTables data took   0.47ms
[2021.03.18-08.59.58:291][818]Cmd: MAP LOAD FILE="C:/Users/Nadia/Documents/GitHub/Kilncroft-Lane/Unreal Project/KilncroftLane/Content/Maps/House.umap" TEMPLATE=0 SHOWPROGRESS=1 FEATURELEVEL=3
[2021.03.18-08.59.58:291][818]LightingResults: New page: Lighting Build
[2021.03.18-08.59.58:291][818]LoadErrors: New page: Loading map: House.umap
[2021.03.18-08.59.58:292][818]LogWorld: UWorld::CleanupWorld for QuestQSMap, bSessionEnded=true, bCleanupResources=true
[2021.03.18-08.59.58:292][818]LogSlate: InvalidateAllWidgets triggered.  All widgets were invalidated
[2021.03.18-08.59.58:293][818]MapCheck: New page: Map Check
[2021.03.18-08.59.58:293][818]LightingResults: New page: Lighting Build
[2021.03.18-08.59.58:304][818]LogAISub: UAISubsystem::~UAISubsystem AIPerceptionSystem (0000023233750680), frame # 6818
[2021.03.18-08.59.58:304][818]LogAISub: UAISubsystem::~UAISubsystem EnvQueryManager (000002321321E200), frame # 6818
[2021.03.18-08.59.58:304][818]LogUObjectHash: Compacting FUObjectHashTables data took   0.58ms
[2021.03.18-08.59.58:308][818]LogEditorServer: Finished looking for orphan Actors (0.000 secs)
[2021.03.18-08.59.58:308][818]LogAIModule: Creating AISystem for world House
[2021.03.18-08.59.58:308][818]LogAISub: UAISubsystem::UAISubsystem EnvQueryManager (000002322F5E1C00), frame # 6818
[2021.03.18-08.59.58:308][818]LogAISub: UAISubsystem::UAISubsystem AIPerceptionSystem (0000023217694E00), frame # 6818
[2021.03.18-08.59.58:316][818]LogUObjectHash: Compacting FUObjectHashTables data took   0.46ms
[2021.03.18-08.59.58:338][818]Cmd: MAP CHECKDEP NOCLEARLOG
[2021.03.18-08.59.58:338][818]MapCheck: Map check complete: 0 Error(s), 0 Warning(s), took 0.109ms to complete.
[2021.03.18-08.59.58:338][818]LogFileHelpers: Loading map 'House' took 0.046
[2021.03.18-09.00.43:001][284]Cmd: OBJ SAVEPACKAGE PACKAGE="/Game/Maps/House" FILE="C:/Users/Nadia/Documents/GitHub/Kilncroft-Lane/Unreal Project/KilncroftLane/Content/Maps/House.umap" SILENT=true AUTOSAVING=false KEEPDIRTY=false
[2021.03.18-09.00.43:021][284]LogUObjectHash: Compacting FUObjectHashTables data took   0.49ms
[2021.03.18-09.00.43:195][284]LogSavePackage: Moving 'C:/Users/Nadia/Documents/GitHub/Kilncroft-Lane/Unreal Project/KilncroftLane/Saved/House49E05B164CBEF907C8E41A8218DF9F46.tmp' to 'C:/Users/Nadia/Documents/GitHub/Kilncroft-Lane/Unreal Project/KilncroftLane/Content/Maps/House.umap'
[2021.03.18-09.00.43:282][284]AssetCheck: New page: Asset Save: House
[2021.03.18-09.00.43:282][284]LogContentValidation: Display: Validating World /Game/Maps/House.House
[2021.03.18-09.26.05:236][107]LogSlate: Took 0.021492 seconds to synchronously load lazily loaded font '../../../Engine/Content/Slate/Fonts/Roboto-Italic.ttf' (157K)
[2021.03.18-09.28.22:872][631]LogAssetEditorSubsystem: Opening Asset editor for Blueprint /Game/VirtualRealityBP/Blueprints/MotionControllerPawn.MotionControllerPawn
[2021.03.18-09.28.23:363][631]LogContentBrowser: Native class hierarchy updated for 'BlueprintGraph' in 0.0005 seconds. Added 125 classes and 0 folders.
[2021.03.18-09.28.24:836][631]LogSlate: Took 0.014014 seconds to synchronously load lazily loaded font '../../../Engine/Content/Slate/Fonts/Roboto-BoldCondensed.ttf' (158K)
[2021.03.18-09.37.46:924][911]LogAssetEditorSubsystem: Opening Asset editor for Blueprint /Game/VirtualRealityBP/Blueprints/PickupActorInterface.PickupActorInterface
[2021.03.18-09.37.58:839][280]LogSlate: Window 'PickupActorInterface' being destroyed
[2021.03.18-09.37.58:843][280]LogSlate: Window 'PickupActorInterface' being destroyed
[2021.03.18-09.37.58:861][280]LogWorld: UWorld::CleanupWorld for World_6, bSessionEnded=true, bCleanupResources=true
[2021.03.18-09.37.58:861][280]LogSlate: InvalidateAllWidgets triggered.  All widgets were invalidated
[2021.03.18-09.37.58:985][280]LogWorld: UWorld::CleanupWorld for World_7, bSessionEnded=true, bCleanupResources=true
[2021.03.18-09.37.58:985][280]LogSlate: InvalidateAllWidgets triggered.  All widgets were invalidated
[2021.03.18-09.38.08:955][447]LogAssetEditorSubsystem: Opening Asset editor for Blueprint /Game/VirtualRealityBP/Blueprints/BP_PickupCube.BP_PickupCube
[2021.03.18-09.42.03:633][741]LogUObjectHash: Compacting FUObjectHashTables data took   1.63ms
[2021.03.18-09.42.03:634][741]LogFileHelpers: Editor autosave (incl. sublevels) for '/Game/Maps/House' took 0.047
[2021.03.18-09.42.03:647][741]OBJ SavePackage: Generating thumbnails for [1] asset(s) in package [/Game/VirtualRealityBP/Blueprints/BP_PickupCube] ([1] browsable assets)...
[2021.03.18-09.42.03:696][741]OBJ SavePackage:     Rendered thumbnail for [Blueprint /Game/VirtualRealityBP/Blueprints/BP_PickupCube.BP_PickupCube]
[2021.03.18-09.42.03:696][741]OBJ SavePackage: Finished generating thumbnails for package [/Game/VirtualRealityBP/Blueprints/BP_PickupCube]
[2021.03.18-09.42.03:759][741]LogSavePackage: Moving 'C:/Users/Nadia/Documents/GitHub/Kilncroft-Lane/Unreal Project/KilncroftLane/Saved/BP_PickupCube_Auto1FB5563404917A078A9C811AC7382F860.tmp' to 'C:/Users/Nadia/Documents/GitHub/Kilncroft-Lane/Unreal Project/KilncroftLane/Saved/Autosaves/Game/VirtualRealityBP/Blueprints/BP_PickupCube_Auto1.uasset'
[2021.03.18-09.42.03:760][741]LogFileHelpers: Auto-saving content packages took 0.125
[2021.03.18-09.45.06:861][662]LogMaterial: Display: Missing cached shader map for material Material_0, compiling. 
[2021.03.18-09.45.06:882][662]LogMaterial: Warning: /Engine/Transient.Material_0 (no disk path found): Failed to compile Material for platform PCD3D_SM5, Default Material will be used in game.
[2021.03.18-09.45.06:882][662]LogMaterial: Display: 	Only transparent or postprocess materials can read from scene depth.
[2021.03.18-09.45.19:137][ 77]LogAssetEditorSubsystem: Opening Asset editor for Blueprint /Game/VirtualRealityBP/Blueprints/PickupActorInterface.PickupActorInterface
[2021.03.18-09.45.23:981][612]LogSlate: Window 'PickupActorInterface' being destroyed
[2021.03.18-09.45.23:985][612]LogSlate: Window 'PickupActorInterface' being destroyed
[2021.03.18-09.45.23:997][612]LogWorld: UWorld::CleanupWorld for World_8, bSessionEnded=true, bCleanupResources=true
[2021.03.18-09.45.23:997][612]LogSlate: InvalidateAllWidgets triggered.  All widgets were invalidated
[2021.03.18-09.45.24:042][612]LogWorld: UWorld::CleanupWorld for World_15, bSessionEnded=true, bCleanupResources=true
[2021.03.18-09.45.24:042][612]LogSlate: InvalidateAllWidgets triggered.  All widgets were invalidated
[2021.03.18-09.45.38:819][352]LogAssetEditorSubsystem: Opening Asset editor for Blueprint /Game/VirtualRealityBP/Blueprints/BP_PickupCube.BP_PickupCube
[2021.03.18-09.47.22:935][455]LogSlate: Took 0.023087 seconds to synchronously load lazily loaded font '../../../Engine/Content/Slate/Fonts/Roboto-BoldCondensedItalic.ttf' (160K)
[2021.03.18-09.52.04:214][ 92]LogUObjectHash: Compacting FUObjectHashTables data took   1.98ms
[2021.03.18-09.52.04:218][ 92]LogFileHelpers: Editor autosave (incl. sublevels) for '/Game/Maps/House' took 0.023
[2021.03.18-09.52.04:218][ 92]OBJ SavePackage: Generating thumbnails for [1] asset(s) in package [/Game/VirtualRealityBP/Blueprints/BP_PickupCube] ([1] browsable assets)...
[2021.03.18-09.52.04:234][ 92]OBJ SavePackage:     Rendered thumbnail for [Blueprint /Game/VirtualRealityBP/Blueprints/BP_PickupCube.BP_PickupCube]
[2021.03.18-09.52.04:234][ 92]OBJ SavePackage: Finished generating thumbnails for package [/Game/VirtualRealityBP/Blueprints/BP_PickupCube]
[2021.03.18-09.52.04:258][ 92]LogSavePackage: Moving 'C:/Users/Nadia/Documents/GitHub/Kilncroft-Lane/Unreal Project/KilncroftLane/Saved/BP_PickupCube_Auto2D1981B574BBA5F2C260FDCB3738EEC6A.tmp' to 'C:/Users/Nadia/Documents/GitHub/Kilncroft-Lane/Unreal Project/KilncroftLane/Saved/Autosaves/Game/VirtualRealityBP/Blueprints/BP_PickupCube_Auto2.uasset'
[2021.03.18-09.52.04:259][ 92]LogFileHelpers: Auto-saving content packages took 0.042
[2021.03.18-09.55.07:930][801]LogSelectionDetails: Warning: NavigateToFunctionSource:  Unable to find symbols for 'UPrimitiveComponent::SetSimulatePhysics' [Element not found.]
[2021.03.18-10.01.20:921][915]LogEditorTransaction: Undo Delete current selection
[2021.03.18-10.01.21:183][922]LogEditorTransaction: Undo Delete current selection
[2021.03.18-10.01.21:490][936]LogEditorTransaction: Undo Delete current selection
[2021.03.18-10.01.21:842][975]LogEditorTransaction: Undo Delete current selection
[2021.03.18-10.01.22:168][ 11]LogEditorTransaction: Undo Delete current selection
[2021.03.18-10.02.07:392][161]LogSavePackage: Moving 'C:/Users/Nadia/Documents/GitHub/Kilncroft-Lane/Unreal Project/KilncroftLane/Saved/BP_PickupCubeA3B31F484862D520857D4F971F58F6F8.tmp' to 'C:/Users/Nadia/Documents/GitHub/Kilncroft-Lane/Unreal Project/KilncroftLane/Content/VirtualRealityBP/Blueprints/BP_PickupCube.uasset'
[2021.03.18-10.02.07:407][161]AssetCheck: New page: Asset Save: BP_PickupCube
[2021.03.18-10.02.07:407][161]LogContentValidation: Display: Validating Blueprint /Game/VirtualRealityBP/Blueprints/BP_PickupCube.BP_PickupCube
[2021.03.18-10.02.08:089][235]BlueprintLog: New page: Compile BP_PickupCube
[2021.03.18-10.02.08:162][235]LogUObjectHash: Compacting FUObjectHashTables data took   1.84ms
[2021.03.18-10.02.08:243][235]LogSlate: Took 0.029654 seconds to synchronously load lazily loaded font '../../../Engine/Content/Slate/Fonts/DroidSansMono.ttf' (77K)
[2021.03.18-10.07.28:989][660]LogUObjectHash: Compacting FUObjectHashTables data took   1.88ms
[2021.03.18-10.07.29:024][660]LogSavePackage: Moving 'C:/Users/Nadia/Documents/GitHub/Kilncroft-Lane/Unreal Project/KilncroftLane/Saved/House_Auto3D4DC7DFB44B9717AEE7888811A1145DE.tmp' to 'C:/Users/Nadia/Documents/GitHub/Kilncroft-Lane/Unreal Project/KilncroftLane/Saved/Autosaves/Game/Maps/House_Auto3.umap'
[2021.03.18-10.07.29:025][660]LogFileHelpers: Editor autosave (incl. sublevels) for '/Game/Maps/House' took 0.055
[2021.03.18-10.07.29:025][660]LogFileHelpers: Editor autosave (incl. sublevels) for all levels took 0.055
